MIG: 06:42:06 : xml_input_file: board.prj
MIG: 06:42:06 : Absolute path of xml_input_file: c:/Users/brent/prj_microblaze_nexys4_ddr/prj_microblaze_nexys4_ddr.srcs/sources_1/bd/microblaze_impl/ip/microblaze_impl_mig_7series_0_0/board.prj
MIG: 06:42:06 : xml_input_file: board.prj
MIG: 06:42:06 : Absolute path of xml_input_file: c:/Users/brent/prj_microblaze_nexys4_ddr/prj_microblaze_nexys4_ddr.srcs/sources_1/bd/microblaze_impl/ip/microblaze_impl_mig_7series_0_0/board.prj
MIG: 06:42:06 : In updateAllModelParams
MIG: 06:42:06 : ################# RUNNING MIG BATCH ###################
MIG: 06:42:06 : Writing IN file for 'microblaze_impl_mig_7series_0_0'...compDirPath: c:/Xilinx/Vivado/2017.4/data/ip/xilinx/mig_7series_v4_0... instDirPath: c:/Users/brent/prj_microblaze_nexys4_ddr/prj_microblaze_nexys4_ddr.srcs/sources_1/bd/microblaze_impl/ip/microblaze_impl_mig_7series_0_0
MIG: 06:42:06 : synp_flow:  -- synthesis_mode: Other
MIG: 06:42:06 : outputDirectory: c:/Users/brent/prj_microblaze_nexys4_ddr/prj_microblaze_nexys4_ddr.srcs/sources_1/bd/microblaze_impl/ip/microblaze_impl_mig_7series_0_0/_tmp/
MIG: 06:42:06 : vivado_mode: xpg_bd
MIG: 06:42:06 : isPortInterface: 0
MIG: 06:42:06 : isPortInterface: 0
MIG: 06:42:06 : isPortInterface: 0
MIG: 06:42:06 : isPortInterface: 0
MIG: 06:42:06 : isPortInterface: 0
MIG: 06:42:06 : isPortInterface: 0
MIG: 06:42:06 : isPortInterface: 0
MIG: 06:42:06 : isPortInterface: 0
MIG: 06:42:06 : isPortInterface: 0
MIG: 06:42:06 : isPortInterface: 0
MIG: 06:42:06 : isPortInterface: 0
MIG: 06:42:06 : isPortInterface: 0
MIG: 06:42:06 : isPortInterface: 0
MIG: 06:42:06 : isPortInterface: 0
MIG: 06:42:06 : isPortInterface: 0
MIG: 06:42:06 : isPortInterface: 0
MIG: 06:42:06 : isPortInterface: 0
MIG: 06:42:06 : isPortInterface: 0
MIG: 06:42:06 : isPortInterface: 0
MIG: 06:42:06 : isPortInterface: 0
MIG: 06:42:06 : isPortInterface: 0
MIG: 06:42:06 : isPortInterface: 0
MIG: 06:42:06 : isPortInterface: 0
MIG: 06:42:06 : isPortInterface: 0
MIG: 06:42:06 : isPortInterface: 0
MIG: 06:42:06 : isPortInterface: 0
MIG: 06:42:06 : isPortInterface: 0
MIG: 06:42:06 : isPortInterface: 0
MIG: 06:42:06 : isPortInterface: 0
MIG: 06:42:06 : isPortInterface: 0
MIG: 06:42:06 : isPortInterface: 0
MIG: 06:42:06 : isPortInterface: 0
MIG: 06:42:06 : isPortInterface: 0
MIG: 06:42:06 : isPortInterface: 0
MIG: 06:42:06 : isPortInterface: 0
MIG: 06:42:06 : isPortInterface: 0
MIG: 06:42:06 : isPortInterface: 0
MIG: 06:42:06 : isPortInterface: 0
MIG: 06:42:06 : isPortInterface: 0
MIG: 06:42:06 : isPortInterface: 0
MIG: 06:42:06 : isPortInterface: 0
MIG: 06:42:06 : isPortInterface: 0
MIG: 06:42:06 : isPortInterface: 0
MIG: 06:42:06 : isPortInterface: 0
MIG: 06:42:06 : isPortInterface: 0
MIG: 06:42:06 : isPortInterface: 0
MIG: 06:42:06 : isPortInterface: 0
MIG: 06:42:06 : isPortInterface: 0
MIG: 06:42:06 : isPortInterface: 0
MIG: 06:42:06 : isPortInterface: 0
MIG: 06:42:06 : isPortInterface: 0
MIG: 06:42:06 : isPortInterface: 0
MIG: 06:42:06 : isPortInterface: 0
MIG: 06:42:06 : isPortInterface: 0
MIG: 06:42:06 : isPortInterface: 0
MIG: 06:42:06 : isPortInterface: 0
MIG: 06:42:06 : isPortInterface: 0
MIG: 06:42:06 : isPortInterface: 0
MIG: 06:42:06 : isPortInterface: 0
MIG: 06:42:06 : isPortInterface: 0
MIG: 06:42:06 : isPortInterface: 0
MIG: 06:42:06 : isPortInterface: 0
MIG: 06:42:06 : isPortInterface: 0
MIG: 06:42:06 : isPortInterface: 0
MIG: 06:42:06 : isPortInterface: 0
MIG: 06:42:06 : isPortInterface: 0
MIG: 06:42:06 : isPortInterface: 0
MIG: 06:42:06 : isPortInterface: 0
MIG: 06:42:06 : isPortInterface: 0
MIG: 06:42:06 : isPortInterface: 0
MIG: 06:42:06 : isPortInterface: 0
MIG: 06:42:06 : isPortInterface: 0
MIG: 06:42:06 : isPortInterface: 0
MIG: 06:42:06 : isPortInterface: 0
MIG: 06:42:06 : isPortInterface: 0
MIG: 06:42:06 : isPortInterface: 0
MIG: 06:42:06 : isPortInterface: 0
MIG: 06:42:06 : isPortInterface: 0
MIG: 06:42:06 : isPortInterface: 0
MIG: 06:42:06 : isPortInterface: 0
MIG: 06:42:06 : isPortInterface: 0
MIG: 06:42:06 : isPortInterface: 0
MIG: 06:42:06 : isPortInterface: 0
MIG: 06:42:06 : isPortInterface: 0
MIG: 06:42:06 : isPortInterface: 0
MIG: 06:42:06 : isPortInterface: 0
MIG: 06:42:06 : isPortInterface: 0
MIG: 06:42:06 : isPortInterface: 0
MIG: 06:42:06 : isPortInterface: 0
MIG: 06:42:06 : isPortInterface: 0
MIG: 06:42:06 : isPortInterface: 0
MIG: 06:42:06 : isPortInterface: 0
MIG: 06:42:06 : isPortInterface: 0
MIG: 06:42:06 : isPortInterface: 0
MIG: 06:42:06 : isPortInterface: 0
MIG: 06:42:06 : isPortInterface: 0
MIG: 06:42:06 : isPortInterface: 0
MIG: 06:42:06 : isPortInterface: 0
MIG: 06:42:06 : isPortInterface: 0
MIG: 06:42:06 : isPortInterface: 0
MIG: 06:42:06 : isPortInterface: 0
MIG: 06:42:06 : isPortInterface: 0
MIG: 06:42:06 : isPortInterface: 0
MIG: 06:42:06 : isPortInterface: 0
MIG: 06:42:06 : isPortInterface: 0
MIG: 06:42:06 : isPortInterface: 0
MIG: 06:42:06 : isPortInterface: 0
MIG: 06:42:06 : isPortInterface: 0
MIG: 06:42:06 : isPortInterface: 0
MIG: 06:42:06 : isPortInterface: 0
MIG: 06:42:06 : isPortInterface: 0
MIG: 06:42:06 : isPortInterface: 0
MIG: 06:42:06 : isPortInterface: 0
MIG: 06:42:06 : isPortInterface: 0
MIG: 06:42:06 : isPortInterface: 0
MIG: 06:42:06 : isPortInterface: 0
MIG: 06:42:06 : isPortInterface: 0
MIG: 06:42:06 : isPortInterface: 1
MIG: 06:42:06 : isPortInterface: 0
MIG: 06:42:06 : isPortInterface: 0
MIG: 06:42:07 : isPortInterface: 0
MIG: 06:42:07 : isPortInterface: 0
MIG: 06:42:07 : isPortInterface: 0
MIG: 06:42:07 : isPortInterface: 0
MIG: 06:42:07 : isPortInterface: 0
MIG: 06:42:07 : isPortInterface: 0
MIG: 06:42:07 : isPortInterface: 0
MIG: 06:42:07 : isPortInterface: 0
MIG: 06:42:07 :  locked false  
MIG: 06:42:07 : HDL Language: Verilog
MIG: 06:42:07 : compInfo: true
MIG: 06:42:07 : Vivado Options xc7a100t csg324 -1
MIG: 06:42:07 : 1: xc7a100t 2: csg324 3: -1
MIG: 06:42:07 : relative mig path: coregen/ip/xilinx/other/com/xilinx/ip/mig_7series_v4_0/bin/nt64/mig.exe
MIG: 06:42:07 : xilinx_path: C:/Xilinx/Vivado/2017.4/ids_lite/ISE
MIG: 06:42:07 : I am in catch area
MIG: 06:42:07 : Running C:/Xilinx/Vivado/2017.4/ids_lite/ISE/coregen/ip/xilinx/other/com/xilinx/ip/mig_7series_v4_0/bin/nt64/mig.exe -cg_exc_inp c:/Users/brent/prj_microblaze_nexys4_ddr/prj_microblaze_nexys4_ddr.srcs/sources_1/bd/microblaze_impl/ip/microblaze_impl_mig_7series_0_0/xil_txt.in -cg_exc_out c:/Users/brent/prj_microblaze_nexys4_ddr/prj_microblaze_nexys4_ddr.srcs/sources_1/bd/microblaze_impl/ip/microblaze_impl_mig_7series_0_0/xil_txt.out ... 
MIG: 06:42:17 : XML_INPUT_FILE: c:/Users/brent/prj_microblaze_nexys4_ddr/prj_microblaze_nexys4_ddr.srcs/sources_1/bd/microblaze_impl/ip/microblaze_impl_mig_7series_0_0/board.prj
MIG: 06:42:17 : Component_Name: microblaze_impl_mig_7series_0_0
MIG: 06:42:17 : Moving microblaze_impl_mig_7series_0_0 ...
MIG: 06:42:17 : Moving microblaze_impl_mig_7series_0_0.veo ...
MIG: 06:42:17 : Moving microblaze_impl_mig_7series_0_0_xmdf.tcl ...
MIG: 06:42:17 : XGUI hdlLanguage: Verilog
MIG: 06:42:17 : xgui vivado_mode: xpg_bd
MIG: 06:42:17 : xgui hdlLanguage: Verilog -- hdlExt: v
MIG: 06:42:17 : Reading C:/Users/brent/prj_microblaze_nexys4_ddr/prj_microblaze_nexys4_ddr.srcs/sources_1/bd/microblaze_impl/ip/microblaze_impl_mig_7series_0_0/microblaze_impl_mig_7series_0_0/user_design/rtl/microblaze_impl_mig_7series_0_0_mig.v ...
MIG: 06:42:18 : 1
MIG: 06:42:18 : Inside fn mem: DDR2
MIG: 06:42:18 : detect_uiclk: 81247969
MIG: 06:42:18 : cntrl:  memtype: DDR2
MIG: 06:42:18 : 1200
MIG: 06:42:18 :  MMCM_VCO single ctrl param_name: MMCM_VCO --  possibleMaxVcoVal: 1200 
MIG: 06:42:18 : DDR2
MIG: 06:42:18 : 1
MIG: 06:42:18 : 81247969
MIG: 06:42:18 : 
MIG: 06:42:18 :  polarity_value: 1
MIG: 06:42:18 : 
MIG: 06:42:18 : 
MIG: 06:42:18 : cntrl:  memtype: DDR2
MIG: 06:42:18 : Prasad ----: isMMCMExtraClkParam:: MMCM_CLKOUT0_EN --- "TRUE"
MIG: 06:42:18 : TRUE
MIG: 06:42:18 :  MMCM Enable Param: MMCM_CLKOUT0_EN ==> TRUE
MIG: 06:42:18 : Prasad ----: isMMCMExtraClkParam:: MMCM_CLKOUT1_EN --- "FALSE"
MIG: 06:42:18 : 
MIG: 06:42:18 :  MMCM Enable Param: MMCM_CLKOUT1_EN ==> FALSE
MIG: 06:42:18 : Prasad ----: isMMCMExtraClkParam:: MMCM_CLKOUT2_EN --- "FALSE"
MIG: 06:42:18 : 
MIG: 06:42:18 :  MMCM Enable Param: MMCM_CLKOUT2_EN ==> FALSE
MIG: 06:42:18 : Prasad ----: isMMCMExtraClkParam:: MMCM_CLKOUT3_EN --- "FALSE"
MIG: 06:42:18 : 
MIG: 06:42:18 :  MMCM Enable Param: MMCM_CLKOUT3_EN ==> FALSE
MIG: 06:42:18 : Prasad ----: isMMCMExtraClkParam:: MMCM_CLKOUT4_EN --- "FALSE"
MIG: 06:42:18 : 
MIG: 06:42:18 :  MMCM Enable Param: MMCM_CLKOUT4_EN ==> FALSE
MIG: 06:42:18 : Prasad ----: isMMCMExtraClkParam:: MMCM_CLKOUT0_DIVIDE --- 12.000
MIG: 06:42:18 : possibleMaxVcoVal:: 1200 ---- paramName: MMCM_CLKOUT0_DIVIDE
MIG: 06:42:18 : 100000000
MIG: 06:42:18 :  MMCM Extra Param: MMCM_CLKOUT0_FREQ ==> 100000000
MIG: 06:42:18 : Prasad ----: isMMCMExtraClkParam:: MMCM_CLKOUT1_DIVIDE --- 1
MIG: 06:42:18 : possibleMaxVcoVal:: 1200 ---- paramName: MMCM_CLKOUT1_DIVIDE
MIG: 06:42:18 : 1200000000
MIG: 06:42:18 :  MMCM Extra Param: MMCM_CLKOUT1_FREQ ==> 1200000000
MIG: 06:42:18 : Prasad ----: isMMCMExtraClkParam:: MMCM_CLKOUT2_DIVIDE --- 1
MIG: 06:42:18 : possibleMaxVcoVal:: 1200 ---- paramName: MMCM_CLKOUT2_DIVIDE
MIG: 06:42:18 : 1200000000
MIG: 06:42:18 :  MMCM Extra Param: MMCM_CLKOUT2_FREQ ==> 1200000000
MIG: 06:42:18 : Prasad ----: isMMCMExtraClkParam:: MMCM_CLKOUT3_DIVIDE --- 1
MIG: 06:42:18 : possibleMaxVcoVal:: 1200 ---- paramName: MMCM_CLKOUT3_DIVIDE
MIG: 06:42:18 : 1200000000
MIG: 06:42:18 :  MMCM Extra Param: MMCM_CLKOUT3_FREQ ==> 1200000000
MIG: 06:42:18 : Prasad ----: isMMCMExtraClkParam:: MMCM_CLKOUT4_DIVIDE --- 1
MIG: 06:42:18 : possibleMaxVcoVal:: 1200 ---- paramName: MMCM_CLKOUT4_DIVIDE
MIG: 06:42:18 : 1200000000
MIG: 06:42:19 :  MMCM Extra Param: MMCM_CLKOUT4_FREQ ==> 1200000000
MIG: 06:42:19 :  Invalid Param: DDR2_RST_ACT_LOW ==> 1
MIG: 06:42:19 : 
MIG: 06:42:19 :  Valid Param: DDR2_BANK_WIDTH ==> 3
MIG: 06:42:19 : 
MIG: 06:42:19 :  Valid Param: DDR2_CK_WIDTH ==> 1
MIG: 06:42:19 :  Invalid Param: DDR2_COL_WIDTH ==> 10
MIG: 06:42:19 : 
MIG: 06:42:19 :  Valid Param: DDR2_CS_WIDTH ==> 1
MIG: 06:42:19 : 
MIG: 06:42:19 :  Valid Param: DDR2_nCS_PER_RANK ==> 1
MIG: 06:42:19 : 
MIG: 06:42:19 :  Valid Param: DDR2_CKE_WIDTH ==> 1
MIG: 06:42:19 :  Invalid Param: DDR2_DATA_BUF_ADDR_WIDTH ==> 5
MIG: 06:42:19 :  Invalid Param: DDR2_DQ_CNT_WIDTH ==> 4
MIG: 06:42:19 :  Invalid Param: DDR2_DQ_PER_DM ==> 8
MIG: 06:42:19 : 2
MIG: 06:42:19 :  Valid Param: DDR2_DM_WIDTH ==> 2
MIG: 06:42:19 : 16
MIG: 06:42:19 :  Valid Param: DDR2_DQ_WIDTH ==> 16
MIG: 06:42:19 : 2
MIG: 06:42:19 :  Valid Param: DDR2_DQS_WIDTH ==> 2
MIG: 06:42:19 : 
MIG: 06:42:19 :  Valid Param: DDR2_DQS_CNT_WIDTH ==> 1
MIG: 06:42:19 :  Invalid Param: DDR2_DRAM_WIDTH ==> 8
MIG: 06:42:19 : 
MIG: 06:42:19 :  Valid Param: ECC ==> OFF
MIG: 06:42:19 : 16
MIG: 06:42:19 :  Valid Param: DDR2_DATA_WIDTH ==> 16
MIG: 06:42:19 :  Invalid Param: ECC_TEST ==> "OFF"
MIG: 06:42:19 :  Invalid Param: DDR2_PAYLOAD_WIDTH ==> (ECC_TEST == "OFF") ? DATA_WIDTH : DQ_WIDTH
MIG: 06:42:19 :  Invalid Param: DDR2_MEM_ADDR_ORDER ==> "BANK_ROW_COLUMN"
MIG: 06:42:19 :  Invalid Param: DDR2_nBANK_MACHS ==> 4
MIG: 06:42:19 :  Invalid Param: DDR2_RANKS ==> 1
MIG: 06:42:19 : 
MIG: 06:42:19 :  Valid Param: DDR2_ODT_WIDTH ==> 1
MIG: 06:42:19 : 13
MIG: 06:42:19 :  Valid Param: DDR2_ROW_WIDTH ==> 13
MIG: 06:42:19 : 27
MIG: 06:42:19 :  Valid Param: DDR2_ADDR_WIDTH ==> 27
MIG: 06:42:19 : 
MIG: 06:42:19 :  Valid Param: DDR2_USE_CS_PORT ==> 1
MIG: 06:42:19 : 
MIG: 06:42:19 :  Valid Param: DDR2_USE_DM_PORT ==> 1
MIG: 06:42:19 : 
MIG: 06:42:19 :  Valid Param: DDR2_USE_ODT_PORT ==> 1
MIG: 06:42:19 :  Invalid Param: DDR2_PHY_CONTROL_MASTER_BANK ==> 0
MIG: 06:42:19 :  Invalid Param: DDR2_MEM_DENSITY ==> "1Gb"
MIG: 06:42:19 :  Invalid Param: DDR2_MEM_SPEEDGRADE ==> "25E"
MIG: 06:42:19 :  Invalid Param: DDR2_MEM_DEVICE_WIDTH ==> 16
MIG: 06:42:19 :  Invalid Param: DDR2_AL ==> "0"
MIG: 06:42:19 :  Invalid Param: DDR2_nAL ==> 0
MIG: 06:42:19 :  Invalid Param: DDR2_BURST_MODE ==> "8"
MIG: 06:42:19 :  Invalid Param: DDR2_BURST_TYPE ==> "SEQ"
MIG: 06:42:19 :  Invalid Param: DDR2_CL ==> 5
MIG: 06:42:19 :  Invalid Param: DDR2_OUTPUT_DRV ==> "HIGH"
MIG: 06:42:19 :  Invalid Param: DDR2_RTT_NOM ==> "50"
MIG: 06:42:19 :  Invalid Param: DDR2_ADDR_CMD_MODE ==> "1T"
MIG: 06:42:19 : 
MIG: 06:42:19 :  Valid Param: DDR2_REG_CTRL ==> OFF
MIG: 06:42:19 :  Invalid Param: DDR2_CLKIN_PERIOD ==> 5000
MIG: 06:42:19 :  Invalid Param: DDR2_CLKFBOUT_MULT ==> 13
MIG: 06:42:19 :  Invalid Param: DDR2_DIVCLK_DIVIDE ==> 2
MIG: 06:42:19 :  Invalid Param: DDR2_CLKOUT0_PHASE ==> 0.0
MIG: 06:42:19 :  Invalid Param: DDR2_CLKOUT0_DIVIDE ==> 2
MIG: 06:42:19 :  Invalid Param: DDR2_CLKOUT1_DIVIDE ==> 4
MIG: 06:42:19 :  Invalid Param: DDR2_CLKOUT2_DIVIDE ==> 64
MIG: 06:42:19 :  Invalid Param: DDR2_CLKOUT3_DIVIDE ==> 16
MIG: 06:42:19 :  Invalid Param: DDR2_MMCM_VCO ==> 1200
MIG: 06:42:19 :  Invalid Param: DDR2_MMCM_MULT_F ==> 14
MIG: 06:42:19 :  Invalid Param: DDR2_MMCM_DIVCLK_DIVIDE ==> 1
MIG: 06:42:19 :  Invalid Param: DDR2_MMCM_CLKOUT0_EN ==> "TRUE"
MIG: 06:42:19 :  Invalid Param: DDR2_MMCM_CLKOUT1_EN ==> "FALSE"
MIG: 06:42:19 :  Invalid Param: DDR2_MMCM_CLKOUT2_EN ==> "FALSE"
MIG: 06:42:19 :  Invalid Param: DDR2_MMCM_CLKOUT3_EN ==> "FALSE"
MIG: 06:42:19 :  Invalid Param: DDR2_MMCM_CLKOUT4_EN ==> "FALSE"
MIG: 06:42:19 :  Invalid Param: DDR2_MMCM_CLKOUT0_DIVIDE ==> 12.000
MIG: 06:42:19 :  Invalid Param: DDR2_MMCM_CLKOUT1_DIVIDE ==> 1
MIG: 06:42:19 :  Invalid Param: DDR2_MMCM_CLKOUT2_DIVIDE ==> 1
MIG: 06:42:19 :  Invalid Param: DDR2_MMCM_CLKOUT3_DIVIDE ==> 1
MIG: 06:42:19 :  Invalid Param: DDR2_MMCM_CLKOUT4_DIVIDE ==> 1
MIG: 06:42:19 :  Invalid Param: DDR2_tCKE ==> 7500
MIG: 06:42:19 :  Invalid Param: DDR2_tFAW ==> 45000
MIG: 06:42:19 :  Invalid Param: DDR2_tPRDI ==> 1_000_000
MIG: 06:42:19 :  Invalid Param: DDR2_tRAS ==> 40000
MIG: 06:42:19 :  Invalid Param: DDR2_tRCD ==> 15000
MIG: 06:42:19 :  Invalid Param: DDR2_tREFI ==> 7800000
MIG: 06:42:19 :  Invalid Param: DDR2_tRFC ==> 127500
MIG: 06:42:19 :  Invalid Param: DDR2_tRP ==> 12500
MIG: 06:42:19 :  Invalid Param: DDR2_tRRD ==> 10000
MIG: 06:42:19 :  Invalid Param: DDR2_tRTP ==> 7500
MIG: 06:42:19 :  Invalid Param: DDR2_tWTR ==> 7500
MIG: 06:42:19 :  Invalid Param: DDR2_tZQI ==> 128_000_000
MIG: 06:42:19 :  Invalid Param: DDR2_tZQCS ==> 64
MIG: 06:42:19 :  Invalid Param: DDR2_SIM_BYPASS_INIT_CAL ==> "OFF"
MIG: 06:42:19 :  Invalid Param: DDR2_SIMULATION ==> "FALSE"
MIG: 06:42:19 :  Invalid Param: DDR2_BYTE_LANES_B0 ==> 4'b1111
MIG: 06:42:19 :  Invalid Param: DDR2_BYTE_LANES_B1 ==> 4'b0000
MIG: 06:42:19 :  Invalid Param: DDR2_BYTE_LANES_B2 ==> 4'b0000
MIG: 06:42:19 :  Invalid Param: DDR2_BYTE_LANES_B3 ==> 4'b0000
MIG: 06:42:19 :  Invalid Param: DDR2_BYTE_LANES_B4 ==> 4'b0000
MIG: 06:42:19 :  Invalid Param: DDR2_DATA_CTL_B0 ==> 4'b0101
MIG: 06:42:19 :  Invalid Param: DDR2_DATA_CTL_B1 ==> 4'b0000
MIG: 06:42:19 :  Invalid Param: DDR2_DATA_CTL_B2 ==> 4'b0000
MIG: 06:42:19 :  Invalid Param: DDR2_DATA_CTL_B3 ==> 4'b0000
MIG: 06:42:19 :  Invalid Param: DDR2_DATA_CTL_B4 ==> 4'b0000
MIG: 06:42:19 :  Invalid Param: DDR2_PHY_0_BITLANES ==> 48'hFFC_3F7_FFF_3FE
MIG: 06:42:19 :  Invalid Param: DDR2_PHY_1_BITLANES ==> 48'h000_000_000_000
MIG: 06:42:19 :  Invalid Param: DDR2_PHY_2_BITLANES ==> 48'h000_000_000_000
MIG: 06:42:19 :  Invalid Param: DDR2_CK_BYTE_MAP ==> 144'h00_00_00_00_00_00_00_00_00_00_00_00_00_00_00_00_00_03
MIG: 06:42:19 :  Invalid Param: DDR2_ADDR_MAP ==> 192'h000_000_000_010_033_01A_019_032_03A_034_018_036_012_011_017_015
MIG: 06:42:19 :  Invalid Param: DDR2_BANK_MAP ==> 36'h013_016_01B
MIG: 06:42:19 :  Invalid Param: DDR2_CAS_MAP ==> 12'h039
MIG: 06:42:19 :  Invalid Param: DDR2_CKE_ODT_BYTE_MAP ==> 8'h00
MIG: 06:42:19 :  Invalid Param: DDR2_CKE_MAP ==> 96'h000_000_000_000_000_000_000_038
MIG: 06:42:19 :  Invalid Param: DDR2_ODT_MAP ==> 96'h000_000_000_000_000_000_000_035
MIG: 06:42:19 :  Invalid Param: DDR2_CS_MAP ==> 120'h000_000_000_000_000_000_000_000_000_037
MIG: 06:42:19 :  Invalid Param: DDR2_PARITY_MAP ==> 12'h000
MIG: 06:42:19 :  Invalid Param: DDR2_RAS_MAP ==> 12'h014
MIG: 06:42:19 :  Invalid Param: DDR2_WE_MAP ==> 12'h03B
MIG: 06:42:19 :  Invalid Param: DDR2_DQS_BYTE_MAP ==> 144'h00_00_00_00_00_00_00_00_00_00_00_00_00_00_00_00_02_00
MIG: 06:42:19 :  Invalid Param: DDR2_DATA0_MAP ==> 96'h008_004_009_007_005_001_006_003
MIG: 06:42:19 :  Invalid Param: DDR2_DATA1_MAP ==> 96'h022_028_020_024_027_025_026_021
MIG: 06:42:19 :  Invalid Param: DDR2_DATA2_MAP ==> 96'h000_000_000_000_000_000_000_000
MIG: 06:42:19 :  Invalid Param: DDR2_DATA3_MAP ==> 96'h000_000_000_000_000_000_000_000
MIG: 06:42:19 :  Invalid Param: DDR2_DATA4_MAP ==> 96'h000_000_000_000_000_000_000_000
MIG: 06:42:19 :  Invalid Param: DDR2_DATA5_MAP ==> 96'h000_000_000_000_000_000_000_000
MIG: 06:42:19 :  Invalid Param: DDR2_DATA6_MAP ==> 96'h000_000_000_000_000_000_000_000
MIG: 06:42:19 :  Invalid Param: DDR2_DATA7_MAP ==> 96'h000_000_000_000_000_000_000_000
MIG: 06:42:19 :  Invalid Param: DDR2_DATA8_MAP ==> 96'h000_000_000_000_000_000_000_000
MIG: 06:42:19 :  Invalid Param: DDR2_DATA9_MAP ==> 96'h000_000_000_000_000_000_000_000
MIG: 06:42:19 :  Invalid Param: DDR2_DATA10_MAP ==> 96'h000_000_000_000_000_000_000_000
MIG: 06:42:19 :  Invalid Param: DDR2_DATA11_MAP ==> 96'h000_000_000_000_000_000_000_000
MIG: 06:42:19 :  Invalid Param: DDR2_DATA12_MAP ==> 96'h000_000_000_000_000_000_000_000
MIG: 06:42:19 :  Invalid Param: DDR2_DATA13_MAP ==> 96'h000_000_000_000_000_000_000_000
MIG: 06:42:19 :  Invalid Param: DDR2_DATA14_MAP ==> 96'h000_000_000_000_000_000_000_000
MIG: 06:42:19 :  Invalid Param: DDR2_DATA15_MAP ==> 96'h000_000_000_000_000_000_000_000
MIG: 06:42:19 :  Invalid Param: DDR2_DATA16_MAP ==> 96'h000_000_000_000_000_000_000_000
MIG: 06:42:19 :  Invalid Param: DDR2_DATA17_MAP ==> 96'h000_000_000_000_000_000_000_000
MIG: 06:42:19 :  Invalid Param: DDR2_MASK0_MAP ==> 108'h000_000_000_000_000_000_000_029_002
MIG: 06:42:19 :  Invalid Param: DDR2_MASK1_MAP ==> 108'h000_000_000_000_000_000_000_000_000
MIG: 06:42:19 :  Invalid Param: DDR2_SLOT_0_CONFIG ==> 8'b0000_0001
MIG: 06:42:19 :  Invalid Param: DDR2_SLOT_1_CONFIG ==> 8'b0000_0000
MIG: 06:42:19 :  Invalid Param: DDR2_IBUF_LPWR_MODE ==> "OFF"
MIG: 06:42:19 :  Invalid Param: DDR2_DATA_IO_IDLE_PWRDWN ==> "ON"
MIG: 06:42:19 :  Invalid Param: DDR2_BANK_TYPE ==> "HR_IO"
MIG: 06:42:19 :  Invalid Param: DDR2_DATA_IO_PRIM_TYPE ==> "HR_LP"
MIG: 06:42:19 :  Invalid Param: DDR2_CKE_ODT_AUX ==> "FALSE"
MIG: 06:42:19 :  Invalid Param: DDR2_USER_REFRESH ==> "OFF"
MIG: 06:42:19 :  Invalid Param: DDR2_WRLVL ==> "OFF"
MIG: 06:42:19 :  Invalid Param: DDR2_ORDERING ==> "NORM"
MIG: 06:42:19 :  Invalid Param: DDR2_CALIB_ROW_ADD ==> 16'h0000
MIG: 06:42:19 :  Invalid Param: DDR2_CALIB_COL_ADD ==> 12'h000
MIG: 06:42:19 :  Invalid Param: DDR2_CALIB_BA_ADD ==> 3'h0
MIG: 06:42:19 :  Invalid Param: DDR2_TCQ ==> 100
MIG: 06:42:19 :  Invalid Param: DDR2_IODELAY_GRP0 ==> "MICROBLAZE_IMPL_MIG_7SERIES_0_0_IODELAY_MIG0"
MIG: 06:42:19 :  Invalid Param: DDR2_SYSCLK_TYPE ==> "NO_BUFFER"
MIG: 06:42:19 :  Invalid Param: DDR2_REFCLK_TYPE ==> "USE_SYSTEM_CLOCK"
MIG: 06:42:19 :  Invalid Param: DDR2_SYS_RST_PORT ==> "FALSE"
MIG: 06:42:19 :  Invalid Param: DDR2_CMD_PIPE_PLUS1 ==> "ON"
MIG: 06:42:19 :  Invalid Param: DDR2_DRAM_TYPE ==> "DDR2"
MIG: 06:42:19 :  Invalid Param: DDR2_CAL_WIDTH ==> "HALF"
MIG: 06:42:19 :  Invalid Param: DDR2_STARVE_LIMIT ==> 2
MIG: 06:42:19 :  Invalid Param: DDR2_REFCLK_FREQ ==> 200.0
MIG: 06:42:19 :  Invalid Param: DDR2_DIFF_TERM_REFCLK ==> "TRUE"
MIG: 06:42:19 :  Invalid Param: DDR2_tCK ==> 3077
MIG: 06:42:19 : 4
MIG: 06:42:19 :  Valid Param: DDR2_nCK_PER_CLK ==> 4
MIG: 06:42:19 :  Invalid Param: DDR2_DIFF_TERM_SYSCLK ==> "TRUE"
MIG: 06:42:19 : TRUE
MIG: 06:42:19 :  Valid Param: UI_EXTRA_CLOCKS ==> TRUE
MIG: 06:42:19 : 1
MIG: 06:42:19 :  Valid Param: C_S_AXI_ID_WIDTH ==> 1
MIG: 06:42:19 : 134217728
MIG: 06:42:19 :  Valid Param: C_S_AXI_MEM_SIZE ==> 134217728
MIG: 06:42:19 : 
MIG: 06:42:19 :  Valid Param: C_S_AXI_ADDR_WIDTH ==> 32
MIG: 06:42:19 : 64
MIG: 06:42:19 :  Valid Param: C_S_AXI_DATA_WIDTH ==> 64
MIG: 06:42:19 :  Invalid Param: DDR2_C_MC_nCK_PER_CLK ==> 4
MIG: 06:42:19 :  Invalid Param: C_S_AXI_SUPPORTS_NARROW_BURST ==> 0
MIG: 06:42:19 :  Invalid Param: DDR2_C_RD_WR_ARB_ALGORITHM ==> "RD_PRI_REG"
MIG: 06:42:19 :  Invalid Param: C_S_AXI_REG_EN0 ==> 20'h00000
MIG: 06:42:19 :  Invalid Param: C_S_AXI_REG_EN1 ==> 20'h00000
MIG: 06:42:20 : 
MIG: 06:42:20 :  Valid Param: C_S_AXI_CTRL_ADDR_WIDTH ==> 32
MIG: 06:42:20 : 
MIG: 06:42:20 :  Valid Param: C_S_AXI_CTRL_DATA_WIDTH ==> 32
MIG: 06:42:20 :  Invalid Param: C_S_AXI_BASEADDR ==> 32'h0000_0000
MIG: 06:42:20 :  Invalid Param: C_ECC_ONOFF_RESET_VALUE ==> 1
MIG: 06:42:20 :  Invalid Param: C_ECC_CE_COUNTER_WIDTH ==> 8
MIG: 06:42:20 : 
MIG: 06:42:20 :  Valid Param: DDR2_DEBUG_PORT ==> OFF
MIG: 06:42:20 : 
MIG: 06:42:20 :  Invalid Param: DDR2_TEMP_MON_CONTROL ==> "INTERNAL"
MIG: 06:42:20 : NOBUF
MIG: 06:42:20 : NONE
MIG: 06:42:20 : 
MIG: 06:42:20 : Same Interface
MIG: 06:42:20 : xml_input_file: board.prj
MIG: 06:42:20 : Absolute path of xml_input_file: c:/Users/brent/prj_microblaze_nexys4_ddr/prj_microblaze_nexys4_ddr.srcs/sources_1/bd/microblaze_impl/ip/microblaze_impl_mig_7series_0_0/board.prj
MIG: 06:42:20 : In updateAllModelParams
MIG: 06:42:20 : IGN:     <ModuleName>design_1_mig_7series_0_2</ModuleName> <==>     <ModuleName>microblaze_impl_mig_7series_0_0</ModuleName> 
MIG: 06:42:20 : ERR:     <Version>2.2</Version> <==>     <Version>4.0</Version> 
MIG: 06:42:20 : ################# RUNNING MIG BATCH ###################
MIG: 06:42:20 : Writing IN file for 'microblaze_impl_mig_7series_0_0'...compDirPath: c:/Xilinx/Vivado/2017.4/data/ip/xilinx/mig_7series_v4_0... instDirPath: c:/Users/brent/prj_microblaze_nexys4_ddr/prj_microblaze_nexys4_ddr.srcs/sources_1/bd/microblaze_impl/ip/microblaze_impl_mig_7series_0_0
MIG: 06:42:20 : synp_flow:  -- synthesis_mode: Other
MIG: 06:42:20 : outputDirectory: c:/Users/brent/prj_microblaze_nexys4_ddr/prj_microblaze_nexys4_ddr.srcs/sources_1/bd/microblaze_impl/ip/microblaze_impl_mig_7series_0_0/_tmp/
MIG: 06:42:20 : vivado_mode: xpg_bd
MIG: 06:42:20 : isPortInterface: 0
MIG: 06:42:20 : isPortInterface: 0
MIG: 06:42:20 : isPortInterface: 0
MIG: 06:42:20 : isPortInterface: 0
MIG: 06:42:20 : isPortInterface: 0
MIG: 06:42:20 : isPortInterface: 0
MIG: 06:42:20 : isPortInterface: 0
MIG: 06:42:20 : isPortInterface: 0
MIG: 06:42:20 : isPortInterface: 0
MIG: 06:42:20 : isPortInterface: 0
MIG: 06:42:20 : isPortInterface: 0
MIG: 06:42:20 : isPortInterface: 0
MIG: 06:42:20 : isPortInterface: 0
MIG: 06:42:20 : isPortInterface: 0
MIG: 06:42:20 : isPortInterface: 0
MIG: 06:42:20 : isPortInterface: 0
MIG: 06:42:20 : isPortInterface: 0
MIG: 06:42:20 : isPortInterface: 0
MIG: 06:42:20 : isPortInterface: 0
MIG: 06:42:20 : isPortInterface: 0
MIG: 06:42:20 : isPortInterface: 0
MIG: 06:42:20 : isPortInterface: 0
MIG: 06:42:20 : isPortInterface: 0
MIG: 06:42:20 : isPortInterface: 0
MIG: 06:42:20 : isPortInterface: 0
MIG: 06:42:20 : isPortInterface: 0
MIG: 06:42:20 : isPortInterface: 0
MIG: 06:42:20 : isPortInterface: 0
MIG: 06:42:20 : isPortInterface: 0
MIG: 06:42:20 : isPortInterface: 0
MIG: 06:42:20 : isPortInterface: 0
MIG: 06:42:20 : isPortInterface: 0
MIG: 06:42:20 : isPortInterface: 0
MIG: 06:42:20 : isPortInterface: 0
MIG: 06:42:20 : isPortInterface: 0
MIG: 06:42:20 : isPortInterface: 0
MIG: 06:42:20 : isPortInterface: 0
MIG: 06:42:20 : isPortInterface: 0
MIG: 06:42:20 : isPortInterface: 0
MIG: 06:42:20 : isPortInterface: 0
MIG: 06:42:20 : isPortInterface: 0
MIG: 06:42:20 : isPortInterface: 0
MIG: 06:42:20 : isPortInterface: 0
MIG: 06:42:20 : isPortInterface: 0
MIG: 06:42:20 : isPortInterface: 0
MIG: 06:42:20 : isPortInterface: 0
MIG: 06:42:20 : isPortInterface: 0
MIG: 06:42:20 : isPortInterface: 0
MIG: 06:42:20 : isPortInterface: 0
MIG: 06:42:20 : isPortInterface: 0
MIG: 06:42:20 : isPortInterface: 0
MIG: 06:42:20 : isPortInterface: 0
MIG: 06:42:20 : isPortInterface: 0
MIG: 06:42:20 : isPortInterface: 0
MIG: 06:42:20 : isPortInterface: 0
MIG: 06:42:20 : isPortInterface: 0
MIG: 06:42:20 : isPortInterface: 0
MIG: 06:42:20 : isPortInterface: 0
MIG: 06:42:20 : isPortInterface: 0
MIG: 06:42:20 : isPortInterface: 0
MIG: 06:42:20 : isPortInterface: 0
MIG: 06:42:20 : isPortInterface: 0
MIG: 06:42:20 : isPortInterface: 0
MIG: 06:42:20 : isPortInterface: 0
MIG: 06:42:20 : isPortInterface: 0
MIG: 06:42:20 : isPortInterface: 0
MIG: 06:42:20 : isPortInterface: 0
MIG: 06:42:20 : isPortInterface: 0
MIG: 06:42:21 : isPortInterface: 0
MIG: 06:42:21 : isPortInterface: 0
MIG: 06:42:21 : isPortInterface: 0
MIG: 06:42:21 : isPortInterface: 0
MIG: 06:42:21 : isPortInterface: 0
MIG: 06:42:21 : isPortInterface: 0
MIG: 06:42:21 : isPortInterface: 0
MIG: 06:42:21 : isPortInterface: 0
MIG: 06:42:21 : isPortInterface: 0
MIG: 06:42:21 : isPortInterface: 0
MIG: 06:42:21 : isPortInterface: 0
MIG: 06:42:21 : isPortInterface: 0
MIG: 06:42:21 : isPortInterface: 0
MIG: 06:42:21 : isPortInterface: 0
MIG: 06:42:21 : isPortInterface: 0
MIG: 06:42:21 : isPortInterface: 0
MIG: 06:42:21 : isPortInterface: 0
MIG: 06:42:21 : isPortInterface: 0
MIG: 06:42:21 : isPortInterface: 0
MIG: 06:42:21 : isPortInterface: 0
MIG: 06:42:21 : isPortInterface: 0
MIG: 06:42:21 : isPortInterface: 0
MIG: 06:42:21 : isPortInterface: 0
MIG: 06:42:21 : isPortInterface: 0
MIG: 06:42:21 : isPortInterface: 0
MIG: 06:42:21 : isPortInterface: 0
MIG: 06:42:21 : isPortInterface: 0
MIG: 06:42:21 : isPortInterface: 0
MIG: 06:42:21 : isPortInterface: 0
MIG: 06:42:21 : isPortInterface: 0
MIG: 06:42:21 : isPortInterface: 0
MIG: 06:42:21 : isPortInterface: 0
MIG: 06:42:21 : isPortInterface: 0
MIG: 06:42:21 : isPortInterface: 0
MIG: 06:42:21 : isPortInterface: 0
MIG: 06:42:21 : isPortInterface: 0
MIG: 06:42:21 : isPortInterface: 0
MIG: 06:42:21 : isPortInterface: 0
MIG: 06:42:21 : isPortInterface: 0
MIG: 06:42:21 : isPortInterface: 0
MIG: 06:42:21 : isPortInterface: 0
MIG: 06:42:21 : isPortInterface: 0
MIG: 06:42:21 : isPortInterface: 0
MIG: 06:42:21 : isPortInterface: 0
MIG: 06:42:21 : isPortInterface: 0
MIG: 06:42:21 : isPortInterface: 0
MIG: 06:42:21 : isPortInterface: 0
MIG: 06:42:21 : isPortInterface: 0
MIG: 06:42:21 : isPortInterface: 0
MIG: 06:42:21 : isPortInterface: 1
MIG: 06:42:21 : isPortInterface: 0
MIG: 06:42:21 : isPortInterface: 0
MIG: 06:42:21 : isPortInterface: 0
MIG: 06:42:21 : isPortInterface: 0
MIG: 06:42:21 : isPortInterface: 0
MIG: 06:42:21 : isPortInterface: 0
MIG: 06:42:21 : isPortInterface: 0
MIG: 06:42:21 : isPortInterface: 0
MIG: 06:42:21 : isPortInterface: 0
MIG: 06:42:21 : isPortInterface: 0
MIG: 06:42:21 :  locked false  
MIG: 06:42:21 : HDL Language: Verilog
MIG: 06:42:21 : compInfo: true
MIG: 06:42:21 : Vivado Options xc7a100t csg324 -1
MIG: 06:42:21 : 1: xc7a100t 2: csg324 3: -1
MIG: 06:42:21 : relative mig path: coregen/ip/xilinx/other/com/xilinx/ip/mig_7series_v4_0/bin/nt64/mig.exe
MIG: 06:42:21 : xilinx_path: C:/Xilinx/Vivado/2017.4/ids_lite/ISE
MIG: 06:42:21 : I am in catch area
MIG: 06:42:21 : Running C:/Xilinx/Vivado/2017.4/ids_lite/ISE/coregen/ip/xilinx/other/com/xilinx/ip/mig_7series_v4_0/bin/nt64/mig.exe -cg_exc_inp c:/Users/brent/prj_microblaze_nexys4_ddr/prj_microblaze_nexys4_ddr.srcs/sources_1/bd/microblaze_impl/ip/microblaze_impl_mig_7series_0_0/xil_txt.in -cg_exc_out c:/Users/brent/prj_microblaze_nexys4_ddr/prj_microblaze_nexys4_ddr.srcs/sources_1/bd/microblaze_impl/ip/microblaze_impl_mig_7series_0_0/xil_txt.out ... 
MIG: 06:42:31 : XML_INPUT_FILE: c:/Users/brent/prj_microblaze_nexys4_ddr/prj_microblaze_nexys4_ddr.srcs/sources_1/bd/microblaze_impl/ip/microblaze_impl_mig_7series_0_0/board.prj
MIG: 06:42:31 : Component_Name: microblaze_impl_mig_7series_0_0
MIG: 06:42:31 : Moving microblaze_impl_mig_7series_0_0 ...
MIG: 06:42:31 : Moving microblaze_impl_mig_7series_0_0.veo ...
MIG: 06:42:31 : Moving microblaze_impl_mig_7series_0_0_xmdf.tcl ...
MIG: 06:42:31 : XGUI hdlLanguage: Verilog
MIG: 06:42:31 : xgui vivado_mode: xpg_bd
MIG: 06:42:31 : xgui hdlLanguage: Verilog -- hdlExt: v
MIG: 06:42:31 : Reading C:/Users/brent/prj_microblaze_nexys4_ddr/prj_microblaze_nexys4_ddr.srcs/sources_1/bd/microblaze_impl/ip/microblaze_impl_mig_7series_0_0/microblaze_impl_mig_7series_0_0/user_design/rtl/microblaze_impl_mig_7series_0_0_mig.v ...
MIG: 06:42:33 : 
MIG: 06:42:33 : Inside fn mem: DDR2
MIG: 06:42:33 : detect_uiclk: 81247969
MIG: 06:42:33 : cntrl:  memtype: DDR2
MIG: 06:42:33 : 
MIG: 06:42:33 :  MMCM_VCO single ctrl param_name: MMCM_VCO --  possibleMaxVcoVal: 1200 
MIG: 06:42:33 : 
MIG: 06:42:33 : 
MIG: 06:42:33 : 
MIG: 06:42:33 : 
MIG: 06:42:33 :  polarity_value: 1
MIG: 06:42:33 : 
MIG: 06:42:33 : 
MIG: 06:42:33 : cntrl:  memtype: DDR2
MIG: 06:42:33 : Prasad ----: isMMCMExtraClkParam:: MMCM_CLKOUT0_EN --- "TRUE"
MIG: 06:42:33 : 
MIG: 06:42:33 :  MMCM Enable Param: MMCM_CLKOUT0_EN ==> TRUE
MIG: 06:42:33 : Prasad ----: isMMCMExtraClkParam:: MMCM_CLKOUT1_EN --- "FALSE"
MIG: 06:42:33 : 
MIG: 06:42:33 :  MMCM Enable Param: MMCM_CLKOUT1_EN ==> FALSE
MIG: 06:42:33 : Prasad ----: isMMCMExtraClkParam:: MMCM_CLKOUT2_EN --- "FALSE"
MIG: 06:42:33 : 
MIG: 06:42:33 :  MMCM Enable Param: MMCM_CLKOUT2_EN ==> FALSE
MIG: 06:42:33 : Prasad ----: isMMCMExtraClkParam:: MMCM_CLKOUT3_EN --- "FALSE"
MIG: 06:42:33 : 
MIG: 06:42:33 :  MMCM Enable Param: MMCM_CLKOUT3_EN ==> FALSE
MIG: 06:42:33 : Prasad ----: isMMCMExtraClkParam:: MMCM_CLKOUT4_EN --- "FALSE"
MIG: 06:42:33 : 
MIG: 06:42:33 :  MMCM Enable Param: MMCM_CLKOUT4_EN ==> FALSE
MIG: 06:42:33 : Prasad ----: isMMCMExtraClkParam:: MMCM_CLKOUT0_DIVIDE --- 12.000
MIG: 06:42:33 : possibleMaxVcoVal:: 1200 ---- paramName: MMCM_CLKOUT0_DIVIDE
MIG: 06:42:33 : 
MIG: 06:42:33 :  MMCM Extra Param: MMCM_CLKOUT0_FREQ ==> 100000000
MIG: 06:42:33 : Prasad ----: isMMCMExtraClkParam:: MMCM_CLKOUT1_DIVIDE --- 1
MIG: 06:42:33 : possibleMaxVcoVal:: 1200 ---- paramName: MMCM_CLKOUT1_DIVIDE
MIG: 06:42:33 : 
MIG: 06:42:33 :  MMCM Extra Param: MMCM_CLKOUT1_FREQ ==> 1200000000
MIG: 06:42:33 : Prasad ----: isMMCMExtraClkParam:: MMCM_CLKOUT2_DIVIDE --- 1
MIG: 06:42:33 : possibleMaxVcoVal:: 1200 ---- paramName: MMCM_CLKOUT2_DIVIDE
MIG: 06:42:33 : 
MIG: 06:42:33 :  MMCM Extra Param: MMCM_CLKOUT2_FREQ ==> 1200000000
MIG: 06:42:33 : Prasad ----: isMMCMExtraClkParam:: MMCM_CLKOUT3_DIVIDE --- 1
MIG: 06:42:33 : possibleMaxVcoVal:: 1200 ---- paramName: MMCM_CLKOUT3_DIVIDE
MIG: 06:42:33 : 
MIG: 06:42:33 :  MMCM Extra Param: MMCM_CLKOUT3_FREQ ==> 1200000000
MIG: 06:42:33 : Prasad ----: isMMCMExtraClkParam:: MMCM_CLKOUT4_DIVIDE --- 1
MIG: 06:42:33 : possibleMaxVcoVal:: 1200 ---- paramName: MMCM_CLKOUT4_DIVIDE
MIG: 06:42:33 : 
MIG: 06:42:33 :  MMCM Extra Param: MMCM_CLKOUT4_FREQ ==> 1200000000
MIG: 06:42:33 :  Invalid Param: DDR2_RST_ACT_LOW ==> 1
MIG: 06:42:33 : 
MIG: 06:42:33 :  Valid Param: DDR2_BANK_WIDTH ==> 3
MIG: 06:42:33 : 
MIG: 06:42:33 :  Valid Param: DDR2_CK_WIDTH ==> 1
MIG: 06:42:33 :  Invalid Param: DDR2_COL_WIDTH ==> 10
MIG: 06:42:33 : 
MIG: 06:42:33 :  Valid Param: DDR2_CS_WIDTH ==> 1
MIG: 06:42:33 : 
MIG: 06:42:33 :  Valid Param: DDR2_nCS_PER_RANK ==> 1
MIG: 06:42:33 : 
MIG: 06:42:33 :  Valid Param: DDR2_CKE_WIDTH ==> 1
MIG: 06:42:33 :  Invalid Param: DDR2_DATA_BUF_ADDR_WIDTH ==> 5
MIG: 06:42:33 :  Invalid Param: DDR2_DQ_CNT_WIDTH ==> 4
MIG: 06:42:33 :  Invalid Param: DDR2_DQ_PER_DM ==> 8
MIG: 06:42:33 : 
MIG: 06:42:33 :  Valid Param: DDR2_DM_WIDTH ==> 2
MIG: 06:42:33 : 
MIG: 06:42:33 :  Valid Param: DDR2_DQ_WIDTH ==> 16
MIG: 06:42:33 : 
MIG: 06:42:33 :  Valid Param: DDR2_DQS_WIDTH ==> 2
MIG: 06:42:33 : 
MIG: 06:42:33 :  Valid Param: DDR2_DQS_CNT_WIDTH ==> 1
MIG: 06:42:33 :  Invalid Param: DDR2_DRAM_WIDTH ==> 8
MIG: 06:42:33 : 
MIG: 06:42:33 :  Valid Param: ECC ==> OFF
MIG: 06:42:33 : 
MIG: 06:42:33 :  Valid Param: DDR2_DATA_WIDTH ==> 16
MIG: 06:42:33 :  Invalid Param: ECC_TEST ==> "OFF"
MIG: 06:42:33 :  Invalid Param: DDR2_PAYLOAD_WIDTH ==> (ECC_TEST == "OFF") ? DATA_WIDTH : DQ_WIDTH
MIG: 06:42:33 :  Invalid Param: DDR2_MEM_ADDR_ORDER ==> "BANK_ROW_COLUMN"
MIG: 06:42:33 :  Invalid Param: DDR2_nBANK_MACHS ==> 4
MIG: 06:42:33 :  Invalid Param: DDR2_RANKS ==> 1
MIG: 06:42:33 : 
MIG: 06:42:33 :  Valid Param: DDR2_ODT_WIDTH ==> 1
MIG: 06:42:33 : 
MIG: 06:42:33 :  Valid Param: DDR2_ROW_WIDTH ==> 13
MIG: 06:42:33 : 
MIG: 06:42:33 :  Valid Param: DDR2_ADDR_WIDTH ==> 27
MIG: 06:42:33 : 
MIG: 06:42:33 :  Valid Param: DDR2_USE_CS_PORT ==> 1
MIG: 06:42:33 : 
MIG: 06:42:33 :  Valid Param: DDR2_USE_DM_PORT ==> 1
MIG: 06:42:33 : 
MIG: 06:42:33 :  Valid Param: DDR2_USE_ODT_PORT ==> 1
MIG: 06:42:33 :  Invalid Param: DDR2_PHY_CONTROL_MASTER_BANK ==> 0
MIG: 06:42:33 :  Invalid Param: DDR2_MEM_DENSITY ==> "1Gb"
MIG: 06:42:33 :  Invalid Param: DDR2_MEM_SPEEDGRADE ==> "25E"
MIG: 06:42:33 :  Invalid Param: DDR2_MEM_DEVICE_WIDTH ==> 16
MIG: 06:42:33 :  Invalid Param: DDR2_AL ==> "0"
MIG: 06:42:33 :  Invalid Param: DDR2_nAL ==> 0
MIG: 06:42:33 :  Invalid Param: DDR2_BURST_MODE ==> "8"
MIG: 06:42:33 :  Invalid Param: DDR2_BURST_TYPE ==> "SEQ"
MIG: 06:42:33 :  Invalid Param: DDR2_CL ==> 5
MIG: 06:42:33 :  Invalid Param: DDR2_OUTPUT_DRV ==> "HIGH"
MIG: 06:42:33 :  Invalid Param: DDR2_RTT_NOM ==> "50"
MIG: 06:42:33 :  Invalid Param: DDR2_ADDR_CMD_MODE ==> "1T"
MIG: 06:42:33 : 
MIG: 06:42:33 :  Valid Param: DDR2_REG_CTRL ==> OFF
MIG: 06:42:33 :  Invalid Param: DDR2_CLKIN_PERIOD ==> 5000
MIG: 06:42:33 :  Invalid Param: DDR2_CLKFBOUT_MULT ==> 13
MIG: 06:42:33 :  Invalid Param: DDR2_DIVCLK_DIVIDE ==> 2
MIG: 06:42:33 :  Invalid Param: DDR2_CLKOUT0_PHASE ==> 0.0
MIG: 06:42:33 :  Invalid Param: DDR2_CLKOUT0_DIVIDE ==> 2
MIG: 06:42:33 :  Invalid Param: DDR2_CLKOUT1_DIVIDE ==> 4
MIG: 06:42:33 :  Invalid Param: DDR2_CLKOUT2_DIVIDE ==> 64
MIG: 06:42:33 :  Invalid Param: DDR2_CLKOUT3_DIVIDE ==> 16
MIG: 06:42:33 :  Invalid Param: DDR2_MMCM_VCO ==> 1200
MIG: 06:42:33 :  Invalid Param: DDR2_MMCM_MULT_F ==> 14
MIG: 06:42:33 :  Invalid Param: DDR2_MMCM_DIVCLK_DIVIDE ==> 1
MIG: 06:42:33 :  Invalid Param: DDR2_MMCM_CLKOUT0_EN ==> "TRUE"
MIG: 06:42:33 :  Invalid Param: DDR2_MMCM_CLKOUT1_EN ==> "FALSE"
MIG: 06:42:33 :  Invalid Param: DDR2_MMCM_CLKOUT2_EN ==> "FALSE"
MIG: 06:42:33 :  Invalid Param: DDR2_MMCM_CLKOUT3_EN ==> "FALSE"
MIG: 06:42:33 :  Invalid Param: DDR2_MMCM_CLKOUT4_EN ==> "FALSE"
MIG: 06:42:33 :  Invalid Param: DDR2_MMCM_CLKOUT0_DIVIDE ==> 12.000
MIG: 06:42:33 :  Invalid Param: DDR2_MMCM_CLKOUT1_DIVIDE ==> 1
MIG: 06:42:34 :  Invalid Param: DDR2_MMCM_CLKOUT2_DIVIDE ==> 1
MIG: 06:42:34 :  Invalid Param: DDR2_MMCM_CLKOUT3_DIVIDE ==> 1
MIG: 06:42:34 :  Invalid Param: DDR2_MMCM_CLKOUT4_DIVIDE ==> 1
MIG: 06:42:34 :  Invalid Param: DDR2_tCKE ==> 7500
MIG: 06:42:34 :  Invalid Param: DDR2_tFAW ==> 45000
MIG: 06:42:34 :  Invalid Param: DDR2_tPRDI ==> 1_000_000
MIG: 06:42:34 :  Invalid Param: DDR2_tRAS ==> 40000
MIG: 06:42:34 :  Invalid Param: DDR2_tRCD ==> 15000
MIG: 06:42:34 :  Invalid Param: DDR2_tREFI ==> 7800000
MIG: 06:42:34 :  Invalid Param: DDR2_tRFC ==> 127500
MIG: 06:42:34 :  Invalid Param: DDR2_tRP ==> 12500
MIG: 06:42:34 :  Invalid Param: DDR2_tRRD ==> 10000
MIG: 06:42:34 :  Invalid Param: DDR2_tRTP ==> 7500
MIG: 06:42:34 :  Invalid Param: DDR2_tWTR ==> 7500
MIG: 06:42:34 :  Invalid Param: DDR2_tZQI ==> 128_000_000
MIG: 06:42:34 :  Invalid Param: DDR2_tZQCS ==> 64
MIG: 06:42:34 :  Invalid Param: DDR2_SIM_BYPASS_INIT_CAL ==> "OFF"
MIG: 06:42:34 :  Invalid Param: DDR2_SIMULATION ==> "FALSE"
MIG: 06:42:34 :  Invalid Param: DDR2_BYTE_LANES_B0 ==> 4'b1111
MIG: 06:42:34 :  Invalid Param: DDR2_BYTE_LANES_B1 ==> 4'b0000
MIG: 06:42:34 :  Invalid Param: DDR2_BYTE_LANES_B2 ==> 4'b0000
MIG: 06:42:34 :  Invalid Param: DDR2_BYTE_LANES_B3 ==> 4'b0000
MIG: 06:42:34 :  Invalid Param: DDR2_BYTE_LANES_B4 ==> 4'b0000
MIG: 06:42:34 :  Invalid Param: DDR2_DATA_CTL_B0 ==> 4'b0101
MIG: 06:42:34 :  Invalid Param: DDR2_DATA_CTL_B1 ==> 4'b0000
MIG: 06:42:34 :  Invalid Param: DDR2_DATA_CTL_B2 ==> 4'b0000
MIG: 06:42:34 :  Invalid Param: DDR2_DATA_CTL_B3 ==> 4'b0000
MIG: 06:42:34 :  Invalid Param: DDR2_DATA_CTL_B4 ==> 4'b0000
MIG: 06:42:34 :  Invalid Param: DDR2_PHY_0_BITLANES ==> 48'hFFC_3F7_FFF_3FE
MIG: 06:42:34 :  Invalid Param: DDR2_PHY_1_BITLANES ==> 48'h000_000_000_000
MIG: 06:42:34 :  Invalid Param: DDR2_PHY_2_BITLANES ==> 48'h000_000_000_000
MIG: 06:42:34 :  Invalid Param: DDR2_CK_BYTE_MAP ==> 144'h00_00_00_00_00_00_00_00_00_00_00_00_00_00_00_00_00_03
MIG: 06:42:34 :  Invalid Param: DDR2_ADDR_MAP ==> 192'h000_000_000_010_033_01A_019_032_03A_034_018_036_012_011_017_015
MIG: 06:42:34 :  Invalid Param: DDR2_BANK_MAP ==> 36'h013_016_01B
MIG: 06:42:34 :  Invalid Param: DDR2_CAS_MAP ==> 12'h039
MIG: 06:42:34 :  Invalid Param: DDR2_CKE_ODT_BYTE_MAP ==> 8'h00
MIG: 06:42:34 :  Invalid Param: DDR2_CKE_MAP ==> 96'h000_000_000_000_000_000_000_038
MIG: 06:42:34 :  Invalid Param: DDR2_ODT_MAP ==> 96'h000_000_000_000_000_000_000_035
MIG: 06:42:34 :  Invalid Param: DDR2_CS_MAP ==> 120'h000_000_000_000_000_000_000_000_000_037
MIG: 06:42:34 :  Invalid Param: DDR2_PARITY_MAP ==> 12'h000
MIG: 06:42:34 :  Invalid Param: DDR2_RAS_MAP ==> 12'h014
MIG: 06:42:34 :  Invalid Param: DDR2_WE_MAP ==> 12'h03B
MIG: 06:42:34 :  Invalid Param: DDR2_DQS_BYTE_MAP ==> 144'h00_00_00_00_00_00_00_00_00_00_00_00_00_00_00_00_02_00
MIG: 06:42:34 :  Invalid Param: DDR2_DATA0_MAP ==> 96'h008_004_009_007_005_001_006_003
MIG: 06:42:34 :  Invalid Param: DDR2_DATA1_MAP ==> 96'h022_028_020_024_027_025_026_021
MIG: 06:42:34 :  Invalid Param: DDR2_DATA2_MAP ==> 96'h000_000_000_000_000_000_000_000
MIG: 06:42:34 :  Invalid Param: DDR2_DATA3_MAP ==> 96'h000_000_000_000_000_000_000_000
MIG: 06:42:34 :  Invalid Param: DDR2_DATA4_MAP ==> 96'h000_000_000_000_000_000_000_000
MIG: 06:42:34 :  Invalid Param: DDR2_DATA5_MAP ==> 96'h000_000_000_000_000_000_000_000
MIG: 06:42:34 :  Invalid Param: DDR2_DATA6_MAP ==> 96'h000_000_000_000_000_000_000_000
MIG: 06:42:34 :  Invalid Param: DDR2_DATA7_MAP ==> 96'h000_000_000_000_000_000_000_000
MIG: 06:42:34 :  Invalid Param: DDR2_DATA8_MAP ==> 96'h000_000_000_000_000_000_000_000
MIG: 06:42:34 :  Invalid Param: DDR2_DATA9_MAP ==> 96'h000_000_000_000_000_000_000_000
MIG: 06:42:34 :  Invalid Param: DDR2_DATA10_MAP ==> 96'h000_000_000_000_000_000_000_000
MIG: 06:42:34 :  Invalid Param: DDR2_DATA11_MAP ==> 96'h000_000_000_000_000_000_000_000
MIG: 06:42:34 :  Invalid Param: DDR2_DATA12_MAP ==> 96'h000_000_000_000_000_000_000_000
MIG: 06:42:34 :  Invalid Param: DDR2_DATA13_MAP ==> 96'h000_000_000_000_000_000_000_000
MIG: 06:42:34 :  Invalid Param: DDR2_DATA14_MAP ==> 96'h000_000_000_000_000_000_000_000
MIG: 06:42:34 :  Invalid Param: DDR2_DATA15_MAP ==> 96'h000_000_000_000_000_000_000_000
MIG: 06:42:34 :  Invalid Param: DDR2_DATA16_MAP ==> 96'h000_000_000_000_000_000_000_000
MIG: 06:42:34 :  Invalid Param: DDR2_DATA17_MAP ==> 96'h000_000_000_000_000_000_000_000
MIG: 06:42:34 :  Invalid Param: DDR2_MASK0_MAP ==> 108'h000_000_000_000_000_000_000_029_002
MIG: 06:42:34 :  Invalid Param: DDR2_MASK1_MAP ==> 108'h000_000_000_000_000_000_000_000_000
MIG: 06:42:34 :  Invalid Param: DDR2_SLOT_0_CONFIG ==> 8'b0000_0001
MIG: 06:42:34 :  Invalid Param: DDR2_SLOT_1_CONFIG ==> 8'b0000_0000
MIG: 06:42:34 :  Invalid Param: DDR2_IBUF_LPWR_MODE ==> "OFF"
MIG: 06:42:34 :  Invalid Param: DDR2_DATA_IO_IDLE_PWRDWN ==> "ON"
MIG: 06:42:34 :  Invalid Param: DDR2_BANK_TYPE ==> "HR_IO"
MIG: 06:42:34 :  Invalid Param: DDR2_DATA_IO_PRIM_TYPE ==> "HR_LP"
MIG: 06:42:34 :  Invalid Param: DDR2_CKE_ODT_AUX ==> "FALSE"
MIG: 06:42:34 :  Invalid Param: DDR2_USER_REFRESH ==> "OFF"
MIG: 06:42:34 :  Invalid Param: DDR2_WRLVL ==> "OFF"
MIG: 06:42:34 :  Invalid Param: DDR2_ORDERING ==> "NORM"
MIG: 06:42:34 :  Invalid Param: DDR2_CALIB_ROW_ADD ==> 16'h0000
MIG: 06:42:34 :  Invalid Param: DDR2_CALIB_COL_ADD ==> 12'h000
MIG: 06:42:34 :  Invalid Param: DDR2_CALIB_BA_ADD ==> 3'h0
MIG: 06:42:34 :  Invalid Param: DDR2_TCQ ==> 100
MIG: 06:42:34 :  Invalid Param: DDR2_IODELAY_GRP0 ==> "MICROBLAZE_IMPL_MIG_7SERIES_0_0_IODELAY_MIG0"
MIG: 06:42:34 :  Invalid Param: DDR2_SYSCLK_TYPE ==> "NO_BUFFER"
MIG: 06:42:34 :  Invalid Param: DDR2_REFCLK_TYPE ==> "USE_SYSTEM_CLOCK"
MIG: 06:42:34 :  Invalid Param: DDR2_SYS_RST_PORT ==> "FALSE"
MIG: 06:42:34 :  Invalid Param: DDR2_CMD_PIPE_PLUS1 ==> "ON"
MIG: 06:42:34 :  Invalid Param: DDR2_DRAM_TYPE ==> "DDR2"
MIG: 06:42:34 :  Invalid Param: DDR2_CAL_WIDTH ==> "HALF"
MIG: 06:42:34 :  Invalid Param: DDR2_STARVE_LIMIT ==> 2
MIG: 06:42:34 :  Invalid Param: DDR2_REFCLK_FREQ ==> 200.0
MIG: 06:42:34 :  Invalid Param: DDR2_DIFF_TERM_REFCLK ==> "TRUE"
MIG: 06:42:34 :  Invalid Param: DDR2_tCK ==> 3077
MIG: 06:42:34 : 
MIG: 06:42:34 :  Valid Param: DDR2_nCK_PER_CLK ==> 4
MIG: 06:42:34 :  Invalid Param: DDR2_DIFF_TERM_SYSCLK ==> "TRUE"
MIG: 06:42:34 : 
MIG: 06:42:34 :  Valid Param: UI_EXTRA_CLOCKS ==> TRUE
MIG: 06:42:34 : 
MIG: 06:42:34 :  Valid Param: C_S_AXI_ID_WIDTH ==> 1
MIG: 06:42:34 : 
MIG: 06:42:34 :  Valid Param: C_S_AXI_MEM_SIZE ==> 134217728
MIG: 06:42:34 : 
MIG: 06:42:34 :  Valid Param: C_S_AXI_ADDR_WIDTH ==> 32
MIG: 06:42:34 : 
MIG: 06:42:34 :  Valid Param: C_S_AXI_DATA_WIDTH ==> 64
MIG: 06:42:34 :  Invalid Param: DDR2_C_MC_nCK_PER_CLK ==> 4
MIG: 06:42:34 :  Invalid Param: C_S_AXI_SUPPORTS_NARROW_BURST ==> 0
MIG: 06:42:34 :  Invalid Param: DDR2_C_RD_WR_ARB_ALGORITHM ==> "RD_PRI_REG"
MIG: 06:42:34 :  Invalid Param: C_S_AXI_REG_EN0 ==> 20'h00000
MIG: 06:42:34 :  Invalid Param: C_S_AXI_REG_EN1 ==> 20'h00000
MIG: 06:42:34 : 
MIG: 06:42:34 :  Valid Param: C_S_AXI_CTRL_ADDR_WIDTH ==> 32
MIG: 06:42:34 : 
MIG: 06:42:34 :  Valid Param: C_S_AXI_CTRL_DATA_WIDTH ==> 32
MIG: 06:42:34 :  Invalid Param: C_S_AXI_BASEADDR ==> 32'h0000_0000
MIG: 06:42:34 :  Invalid Param: C_ECC_ONOFF_RESET_VALUE ==> 1
MIG: 06:42:34 :  Invalid Param: C_ECC_CE_COUNTER_WIDTH ==> 8
MIG: 06:42:34 : 
MIG: 06:42:34 :  Valid Param: DDR2_DEBUG_PORT ==> OFF
MIG: 06:42:34 : 
MIG: 06:42:34 :  Invalid Param: DDR2_TEMP_MON_CONTROL ==> "INTERNAL"
MIG: 06:42:34 : 
MIG: 06:42:34 : 
MIG: 06:42:34 : 
MIG: 06:42:34 : Same Interface
MIG: 06:44:28 : xml_input_file: board.prj
MIG: 06:44:28 : Absolute path of xml_input_file: c:/Users/brent/prj_microblaze_nexys4_ddr/prj_microblaze_nexys4_ddr.srcs/sources_1/bd/microblaze_impl/ip/microblaze_impl_mig_7series_0_0/board.prj
MIG: 06:44:28 : In updateAllModelParams
MIG: 06:44:28 : IGN:     <ModuleName>design_1_mig_7series_0_2</ModuleName> <==>     <ModuleName>microblaze_impl_mig_7series_0_0</ModuleName> 
MIG: 06:44:28 : ERR:     <Version>2.2</Version> <==>     <Version>4.0</Version> 
MIG: 06:44:28 : ################# RUNNING MIG BATCH ###################
MIG: 06:44:28 : Writing IN file for 'microblaze_impl_mig_7series_0_0'...compDirPath: c:/Xilinx/Vivado/2017.4/data/ip/xilinx/mig_7series_v4_0... instDirPath: c:/Users/brent/prj_microblaze_nexys4_ddr/prj_microblaze_nexys4_ddr.srcs/sources_1/bd/microblaze_impl/ip/microblaze_impl_mig_7series_0_0
MIG: 06:44:28 : synp_flow:  -- synthesis_mode: Other
MIG: 06:44:28 : outputDirectory: c:/Users/brent/prj_microblaze_nexys4_ddr/prj_microblaze_nexys4_ddr.srcs/sources_1/bd/microblaze_impl/ip/microblaze_impl_mig_7series_0_0/_tmp/
MIG: 06:44:28 : vivado_mode: xpg_bd
MIG: 06:44:28 : isPortInterface: 0
MIG: 06:44:28 : isPortInterface: 0
MIG: 06:44:29 : isPortInterface: 0
MIG: 06:44:29 : isPortInterface: 0
MIG: 06:44:29 : isPortInterface: 0
MIG: 06:44:29 : isPortInterface: 0
MIG: 06:44:29 : isPortInterface: 0
MIG: 06:44:29 : isPortInterface: 0
MIG: 06:44:29 : isPortInterface: 0
MIG: 06:44:29 : isPortInterface: 0
MIG: 06:44:29 : isPortInterface: 0
MIG: 06:44:29 : isPortInterface: 0
MIG: 06:44:29 : isPortInterface: 0
MIG: 06:44:29 : isPortInterface: 0
MIG: 06:44:29 : isPortInterface: 0
MIG: 06:44:29 : isPortInterface: 0
MIG: 06:44:29 : isPortInterface: 0
MIG: 06:44:29 : isPortInterface: 0
MIG: 06:44:29 : isPortInterface: 0
MIG: 06:44:29 : isPortInterface: 0
MIG: 06:44:29 : isPortInterface: 0
MIG: 06:44:29 : isPortInterface: 0
MIG: 06:44:29 : isPortInterface: 0
MIG: 06:44:29 : isPortInterface: 0
MIG: 06:44:29 : isPortInterface: 0
MIG: 06:44:29 : isPortInterface: 0
MIG: 06:44:29 : isPortInterface: 0
MIG: 06:44:29 : isPortInterface: 0
MIG: 06:44:29 : isPortInterface: 0
MIG: 06:44:29 : isPortInterface: 0
MIG: 06:44:29 : isPortInterface: 0
MIG: 06:44:29 : isPortInterface: 0
MIG: 06:44:29 : isPortInterface: 0
MIG: 06:44:29 : isPortInterface: 0
MIG: 06:44:29 : isPortInterface: 0
MIG: 06:44:29 : isPortInterface: 0
MIG: 06:44:29 : isPortInterface: 0
MIG: 06:44:29 : isPortInterface: 0
MIG: 06:44:29 : isPortInterface: 0
MIG: 06:44:29 : isPortInterface: 0
MIG: 06:44:29 : isPortInterface: 0
MIG: 06:44:29 : isPortInterface: 0
MIG: 06:44:29 : isPortInterface: 0
MIG: 06:44:29 : isPortInterface: 0
MIG: 06:44:29 : isPortInterface: 0
MIG: 06:44:29 : isPortInterface: 0
MIG: 06:44:29 : isPortInterface: 0
MIG: 06:44:29 : isPortInterface: 0
MIG: 06:44:29 : isPortInterface: 0
MIG: 06:44:29 : isPortInterface: 0
MIG: 06:44:29 : isPortInterface: 0
MIG: 06:44:29 : isPortInterface: 0
MIG: 06:44:29 : isPortInterface: 0
MIG: 06:44:29 : isPortInterface: 0
MIG: 06:44:29 : isPortInterface: 0
MIG: 06:44:29 : isPortInterface: 0
MIG: 06:44:29 : isPortInterface: 0
MIG: 06:44:29 : isPortInterface: 0
MIG: 06:44:29 : isPortInterface: 0
MIG: 06:44:29 : isPortInterface: 0
MIG: 06:44:29 : isPortInterface: 0
MIG: 06:44:29 : isPortInterface: 0
MIG: 06:44:29 : isPortInterface: 0
MIG: 06:44:29 : isPortInterface: 0
MIG: 06:44:29 : isPortInterface: 0
MIG: 06:44:29 : isPortInterface: 0
MIG: 06:44:29 : isPortInterface: 0
MIG: 06:44:29 : isPortInterface: 0
MIG: 06:44:29 : isPortInterface: 0
MIG: 06:44:29 : isPortInterface: 0
MIG: 06:44:29 : isPortInterface: 0
MIG: 06:44:29 : isPortInterface: 0
MIG: 06:44:29 : isPortInterface: 0
MIG: 06:44:29 : isPortInterface: 0
MIG: 06:44:29 : isPortInterface: 0
MIG: 06:44:29 : isPortInterface: 0
MIG: 06:44:29 : isPortInterface: 0
MIG: 06:44:29 : isPortInterface: 0
MIG: 06:44:29 : isPortInterface: 0
MIG: 06:44:29 : isPortInterface: 0
MIG: 06:44:29 : isPortInterface: 0
MIG: 06:44:29 : isPortInterface: 0
MIG: 06:44:29 : isPortInterface: 0
MIG: 06:44:29 : isPortInterface: 0
MIG: 06:44:29 : isPortInterface: 0
MIG: 06:44:29 : isPortInterface: 0
MIG: 06:44:29 : isPortInterface: 0
MIG: 06:44:29 : isPortInterface: 0
MIG: 06:44:29 : isPortInterface: 0
MIG: 06:44:29 : isPortInterface: 0
MIG: 06:44:29 : isPortInterface: 0
MIG: 06:44:29 : isPortInterface: 0
MIG: 06:44:29 : isPortInterface: 0
MIG: 06:44:29 : isPortInterface: 0
MIG: 06:44:29 : isPortInterface: 0
MIG: 06:44:29 : isPortInterface: 0
MIG: 06:44:29 : isPortInterface: 0
MIG: 06:44:29 : isPortInterface: 0
MIG: 06:44:29 : isPortInterface: 0
MIG: 06:44:29 : isPortInterface: 0
MIG: 06:44:29 : isPortInterface: 0
MIG: 06:44:29 : isPortInterface: 0
MIG: 06:44:29 : isPortInterface: 0
MIG: 06:44:29 : isPortInterface: 0
MIG: 06:44:29 : isPortInterface: 0
MIG: 06:44:29 : isPortInterface: 0
MIG: 06:44:29 : isPortInterface: 0
MIG: 06:44:29 : isPortInterface: 0
MIG: 06:44:29 : isPortInterface: 0
MIG: 06:44:29 : isPortInterface: 0
MIG: 06:44:29 : isPortInterface: 0
MIG: 06:44:29 : isPortInterface: 0
MIG: 06:44:29 : isPortInterface: 0
MIG: 06:44:29 : isPortInterface: 0
MIG: 06:44:29 : isPortInterface: 0
MIG: 06:44:29 : isPortInterface: 0
MIG: 06:44:29 : isPortInterface: 0
MIG: 06:44:29 : isPortInterface: 1
MIG: 06:44:29 : isPortInterface: 0
MIG: 06:44:29 : isPortInterface: 0
MIG: 06:44:29 : isPortInterface: 0
MIG: 06:44:29 : isPortInterface: 0
MIG: 06:44:29 : isPortInterface: 0
MIG: 06:44:29 : isPortInterface: 0
MIG: 06:44:29 : isPortInterface: 0
MIG: 06:44:29 : isPortInterface: 0
MIG: 06:44:29 : isPortInterface: 0
MIG: 06:44:29 : isPortInterface: 0
MIG: 06:44:29 :  locked false  
MIG: 06:44:29 : HDL Language: Verilog
MIG: 06:44:29 : compInfo: true
MIG: 06:44:29 : Vivado Options xc7a100t csg324 -1
MIG: 06:44:29 : 1: xc7a100t 2: csg324 3: -1
MIG: 06:44:29 : relative mig path: coregen/ip/xilinx/other/com/xilinx/ip/mig_7series_v4_0/bin/nt64/mig.exe
MIG: 06:44:29 : xilinx_path: C:/Xilinx/Vivado/2017.4/ids_lite/ISE
MIG: 06:44:29 : I am in catch area
MIG: 06:44:29 : Running C:/Xilinx/Vivado/2017.4/ids_lite/ISE/coregen/ip/xilinx/other/com/xilinx/ip/mig_7series_v4_0/bin/nt64/mig.exe -cg_exc_inp c:/Users/brent/prj_microblaze_nexys4_ddr/prj_microblaze_nexys4_ddr.srcs/sources_1/bd/microblaze_impl/ip/microblaze_impl_mig_7series_0_0/xil_txt.in -cg_exc_out c:/Users/brent/prj_microblaze_nexys4_ddr/prj_microblaze_nexys4_ddr.srcs/sources_1/bd/microblaze_impl/ip/microblaze_impl_mig_7series_0_0/xil_txt.out ... 
MIG: 06:44:38 : XML_INPUT_FILE: c:/Users/brent/prj_microblaze_nexys4_ddr/prj_microblaze_nexys4_ddr.srcs/sources_1/bd/microblaze_impl/ip/microblaze_impl_mig_7series_0_0/board.prj
MIG: 06:44:38 : Component_Name: microblaze_impl_mig_7series_0_0
MIG: 06:44:38 : Moving microblaze_impl_mig_7series_0_0 ...
MIG: 06:44:38 : Moving microblaze_impl_mig_7series_0_0.veo ...
MIG: 06:44:38 : Moving microblaze_impl_mig_7series_0_0_xmdf.tcl ...
MIG: 06:44:38 : XGUI hdlLanguage: Verilog
MIG: 06:44:38 : xgui vivado_mode: xpg_bd
MIG: 06:44:38 : xgui hdlLanguage: Verilog -- hdlExt: v
MIG: 06:44:38 : Reading C:/Users/brent/prj_microblaze_nexys4_ddr/prj_microblaze_nexys4_ddr.srcs/sources_1/bd/microblaze_impl/ip/microblaze_impl_mig_7series_0_0/microblaze_impl_mig_7series_0_0/user_design/rtl/microblaze_impl_mig_7series_0_0_mig.v ...
MIG: 06:44:39 : 
MIG: 06:44:39 : Inside fn mem: DDR2
MIG: 06:44:39 : detect_uiclk: 81247969
MIG: 06:44:39 : cntrl:  memtype: DDR2
MIG: 06:44:39 : 
MIG: 06:44:39 :  MMCM_VCO single ctrl param_name: MMCM_VCO --  possibleMaxVcoVal: 1200 
MIG: 06:44:39 : 
MIG: 06:44:39 : 
MIG: 06:44:39 : 
MIG: 06:44:39 : 
MIG: 06:44:39 :  polarity_value: 1
MIG: 06:44:39 : 
MIG: 06:44:39 : 
MIG: 06:44:39 : cntrl:  memtype: DDR2
MIG: 06:44:39 : Prasad ----: isMMCMExtraClkParam:: MMCM_CLKOUT0_EN --- "TRUE"
MIG: 06:44:39 : 
MIG: 06:44:39 :  MMCM Enable Param: MMCM_CLKOUT0_EN ==> TRUE
MIG: 06:44:39 : Prasad ----: isMMCMExtraClkParam:: MMCM_CLKOUT1_EN --- "FALSE"
MIG: 06:44:39 : 
MIG: 06:44:39 :  MMCM Enable Param: MMCM_CLKOUT1_EN ==> FALSE
MIG: 06:44:39 : Prasad ----: isMMCMExtraClkParam:: MMCM_CLKOUT2_EN --- "FALSE"
MIG: 06:44:39 : 
MIG: 06:44:39 :  MMCM Enable Param: MMCM_CLKOUT2_EN ==> FALSE
MIG: 06:44:39 : Prasad ----: isMMCMExtraClkParam:: MMCM_CLKOUT3_EN --- "FALSE"
MIG: 06:44:39 : 
MIG: 06:44:39 :  MMCM Enable Param: MMCM_CLKOUT3_EN ==> FALSE
MIG: 06:44:39 : Prasad ----: isMMCMExtraClkParam:: MMCM_CLKOUT4_EN --- "FALSE"
MIG: 06:44:39 : 
MIG: 06:44:39 :  MMCM Enable Param: MMCM_CLKOUT4_EN ==> FALSE
MIG: 06:44:39 : Prasad ----: isMMCMExtraClkParam:: MMCM_CLKOUT0_DIVIDE --- 12.000
MIG: 06:44:39 : possibleMaxVcoVal:: 1200 ---- paramName: MMCM_CLKOUT0_DIVIDE
MIG: 06:44:39 : 
MIG: 06:44:39 :  MMCM Extra Param: MMCM_CLKOUT0_FREQ ==> 100000000
MIG: 06:44:39 : Prasad ----: isMMCMExtraClkParam:: MMCM_CLKOUT1_DIVIDE --- 1
MIG: 06:44:39 : possibleMaxVcoVal:: 1200 ---- paramName: MMCM_CLKOUT1_DIVIDE
MIG: 06:44:39 : 
MIG: 06:44:39 :  MMCM Extra Param: MMCM_CLKOUT1_FREQ ==> 1200000000
MIG: 06:44:39 : Prasad ----: isMMCMExtraClkParam:: MMCM_CLKOUT2_DIVIDE --- 1
MIG: 06:44:39 : possibleMaxVcoVal:: 1200 ---- paramName: MMCM_CLKOUT2_DIVIDE
MIG: 06:44:39 : 
MIG: 06:44:39 :  MMCM Extra Param: MMCM_CLKOUT2_FREQ ==> 1200000000
MIG: 06:44:39 : Prasad ----: isMMCMExtraClkParam:: MMCM_CLKOUT3_DIVIDE --- 1
MIG: 06:44:39 : possibleMaxVcoVal:: 1200 ---- paramName: MMCM_CLKOUT3_DIVIDE
MIG: 06:44:39 : 
MIG: 06:44:39 :  MMCM Extra Param: MMCM_CLKOUT3_FREQ ==> 1200000000
MIG: 06:44:39 : Prasad ----: isMMCMExtraClkParam:: MMCM_CLKOUT4_DIVIDE --- 1
MIG: 06:44:39 : possibleMaxVcoVal:: 1200 ---- paramName: MMCM_CLKOUT4_DIVIDE
MIG: 06:44:39 : 
MIG: 06:44:39 :  MMCM Extra Param: MMCM_CLKOUT4_FREQ ==> 1200000000
MIG: 06:44:39 :  Invalid Param: DDR2_RST_ACT_LOW ==> 1
MIG: 06:44:40 : 
MIG: 06:44:40 :  Valid Param: DDR2_BANK_WIDTH ==> 3
MIG: 06:44:40 : 
MIG: 06:44:40 :  Valid Param: DDR2_CK_WIDTH ==> 1
MIG: 06:44:40 :  Invalid Param: DDR2_COL_WIDTH ==> 10
MIG: 06:44:40 : 
MIG: 06:44:40 :  Valid Param: DDR2_CS_WIDTH ==> 1
MIG: 06:44:40 : 
MIG: 06:44:40 :  Valid Param: DDR2_nCS_PER_RANK ==> 1
MIG: 06:44:40 : 
MIG: 06:44:40 :  Valid Param: DDR2_CKE_WIDTH ==> 1
MIG: 06:44:40 :  Invalid Param: DDR2_DATA_BUF_ADDR_WIDTH ==> 5
MIG: 06:44:40 :  Invalid Param: DDR2_DQ_CNT_WIDTH ==> 4
MIG: 06:44:40 :  Invalid Param: DDR2_DQ_PER_DM ==> 8
MIG: 06:44:40 : 
MIG: 06:44:40 :  Valid Param: DDR2_DM_WIDTH ==> 2
MIG: 06:44:40 : 
MIG: 06:44:40 :  Valid Param: DDR2_DQ_WIDTH ==> 16
MIG: 06:44:40 : 
MIG: 06:44:40 :  Valid Param: DDR2_DQS_WIDTH ==> 2
MIG: 06:44:40 : 
MIG: 06:44:40 :  Valid Param: DDR2_DQS_CNT_WIDTH ==> 1
MIG: 06:44:40 :  Invalid Param: DDR2_DRAM_WIDTH ==> 8
MIG: 06:44:40 : 
MIG: 06:44:40 :  Valid Param: ECC ==> OFF
MIG: 06:44:40 : 
MIG: 06:44:40 :  Valid Param: DDR2_DATA_WIDTH ==> 16
MIG: 06:44:40 :  Invalid Param: ECC_TEST ==> "OFF"
MIG: 06:44:40 :  Invalid Param: DDR2_PAYLOAD_WIDTH ==> (ECC_TEST == "OFF") ? DATA_WIDTH : DQ_WIDTH
MIG: 06:44:40 :  Invalid Param: DDR2_MEM_ADDR_ORDER ==> "BANK_ROW_COLUMN"
MIG: 06:44:40 :  Invalid Param: DDR2_nBANK_MACHS ==> 4
MIG: 06:44:40 :  Invalid Param: DDR2_RANKS ==> 1
MIG: 06:44:40 : 
MIG: 06:44:40 :  Valid Param: DDR2_ODT_WIDTH ==> 1
MIG: 06:44:40 : 
MIG: 06:44:40 :  Valid Param: DDR2_ROW_WIDTH ==> 13
MIG: 06:44:40 : 
MIG: 06:44:40 :  Valid Param: DDR2_ADDR_WIDTH ==> 27
MIG: 06:44:40 : 
MIG: 06:44:40 :  Valid Param: DDR2_USE_CS_PORT ==> 1
MIG: 06:44:40 : 
MIG: 06:44:40 :  Valid Param: DDR2_USE_DM_PORT ==> 1
MIG: 06:44:40 : 
MIG: 06:44:40 :  Valid Param: DDR2_USE_ODT_PORT ==> 1
MIG: 06:44:40 :  Invalid Param: DDR2_PHY_CONTROL_MASTER_BANK ==> 0
MIG: 06:44:40 :  Invalid Param: DDR2_MEM_DENSITY ==> "1Gb"
MIG: 06:44:40 :  Invalid Param: DDR2_MEM_SPEEDGRADE ==> "25E"
MIG: 06:44:40 :  Invalid Param: DDR2_MEM_DEVICE_WIDTH ==> 16
MIG: 06:44:40 :  Invalid Param: DDR2_AL ==> "0"
MIG: 06:44:40 :  Invalid Param: DDR2_nAL ==> 0
MIG: 06:44:40 :  Invalid Param: DDR2_BURST_MODE ==> "8"
MIG: 06:44:40 :  Invalid Param: DDR2_BURST_TYPE ==> "SEQ"
MIG: 06:44:40 :  Invalid Param: DDR2_CL ==> 5
MIG: 06:44:40 :  Invalid Param: DDR2_OUTPUT_DRV ==> "HIGH"
MIG: 06:44:40 :  Invalid Param: DDR2_RTT_NOM ==> "50"
MIG: 06:44:40 :  Invalid Param: DDR2_ADDR_CMD_MODE ==> "1T"
MIG: 06:44:40 : 
MIG: 06:44:40 :  Valid Param: DDR2_REG_CTRL ==> OFF
MIG: 06:44:40 :  Invalid Param: DDR2_CLKIN_PERIOD ==> 5000
MIG: 06:44:40 :  Invalid Param: DDR2_CLKFBOUT_MULT ==> 13
MIG: 06:44:40 :  Invalid Param: DDR2_DIVCLK_DIVIDE ==> 2
MIG: 06:44:40 :  Invalid Param: DDR2_CLKOUT0_PHASE ==> 0.0
MIG: 06:44:40 :  Invalid Param: DDR2_CLKOUT0_DIVIDE ==> 2
MIG: 06:44:40 :  Invalid Param: DDR2_CLKOUT1_DIVIDE ==> 4
MIG: 06:44:40 :  Invalid Param: DDR2_CLKOUT2_DIVIDE ==> 64
MIG: 06:44:40 :  Invalid Param: DDR2_CLKOUT3_DIVIDE ==> 16
MIG: 06:44:40 :  Invalid Param: DDR2_MMCM_VCO ==> 1200
MIG: 06:44:40 :  Invalid Param: DDR2_MMCM_MULT_F ==> 14
MIG: 06:44:40 :  Invalid Param: DDR2_MMCM_DIVCLK_DIVIDE ==> 1
MIG: 06:44:40 :  Invalid Param: DDR2_MMCM_CLKOUT0_EN ==> "TRUE"
MIG: 06:44:40 :  Invalid Param: DDR2_MMCM_CLKOUT1_EN ==> "FALSE"
MIG: 06:44:40 :  Invalid Param: DDR2_MMCM_CLKOUT2_EN ==> "FALSE"
MIG: 06:44:40 :  Invalid Param: DDR2_MMCM_CLKOUT3_EN ==> "FALSE"
MIG: 06:44:40 :  Invalid Param: DDR2_MMCM_CLKOUT4_EN ==> "FALSE"
MIG: 06:44:40 :  Invalid Param: DDR2_MMCM_CLKOUT0_DIVIDE ==> 12.000
MIG: 06:44:40 :  Invalid Param: DDR2_MMCM_CLKOUT1_DIVIDE ==> 1
MIG: 06:44:40 :  Invalid Param: DDR2_MMCM_CLKOUT2_DIVIDE ==> 1
MIG: 06:44:40 :  Invalid Param: DDR2_MMCM_CLKOUT3_DIVIDE ==> 1
MIG: 06:44:40 :  Invalid Param: DDR2_MMCM_CLKOUT4_DIVIDE ==> 1
MIG: 06:44:40 :  Invalid Param: DDR2_tCKE ==> 7500
MIG: 06:44:40 :  Invalid Param: DDR2_tFAW ==> 45000
MIG: 06:44:40 :  Invalid Param: DDR2_tPRDI ==> 1_000_000
MIG: 06:44:40 :  Invalid Param: DDR2_tRAS ==> 40000
MIG: 06:44:40 :  Invalid Param: DDR2_tRCD ==> 15000
MIG: 06:44:40 :  Invalid Param: DDR2_tREFI ==> 7800000
MIG: 06:44:40 :  Invalid Param: DDR2_tRFC ==> 127500
MIG: 06:44:40 :  Invalid Param: DDR2_tRP ==> 12500
MIG: 06:44:40 :  Invalid Param: DDR2_tRRD ==> 10000
MIG: 06:44:40 :  Invalid Param: DDR2_tRTP ==> 7500
MIG: 06:44:40 :  Invalid Param: DDR2_tWTR ==> 7500
MIG: 06:44:40 :  Invalid Param: DDR2_tZQI ==> 128_000_000
MIG: 06:44:40 :  Invalid Param: DDR2_tZQCS ==> 64
MIG: 06:44:40 :  Invalid Param: DDR2_SIM_BYPASS_INIT_CAL ==> "OFF"
MIG: 06:44:40 :  Invalid Param: DDR2_SIMULATION ==> "FALSE"
MIG: 06:44:40 :  Invalid Param: DDR2_BYTE_LANES_B0 ==> 4'b1111
MIG: 06:44:40 :  Invalid Param: DDR2_BYTE_LANES_B1 ==> 4'b0000
MIG: 06:44:40 :  Invalid Param: DDR2_BYTE_LANES_B2 ==> 4'b0000
MIG: 06:44:40 :  Invalid Param: DDR2_BYTE_LANES_B3 ==> 4'b0000
MIG: 06:44:40 :  Invalid Param: DDR2_BYTE_LANES_B4 ==> 4'b0000
MIG: 06:44:40 :  Invalid Param: DDR2_DATA_CTL_B0 ==> 4'b0101
MIG: 06:44:40 :  Invalid Param: DDR2_DATA_CTL_B1 ==> 4'b0000
MIG: 06:44:40 :  Invalid Param: DDR2_DATA_CTL_B2 ==> 4'b0000
MIG: 06:44:40 :  Invalid Param: DDR2_DATA_CTL_B3 ==> 4'b0000
MIG: 06:44:40 :  Invalid Param: DDR2_DATA_CTL_B4 ==> 4'b0000
MIG: 06:44:40 :  Invalid Param: DDR2_PHY_0_BITLANES ==> 48'hFFC_3F7_FFF_3FE
MIG: 06:44:40 :  Invalid Param: DDR2_PHY_1_BITLANES ==> 48'h000_000_000_000
MIG: 06:44:40 :  Invalid Param: DDR2_PHY_2_BITLANES ==> 48'h000_000_000_000
MIG: 06:44:40 :  Invalid Param: DDR2_CK_BYTE_MAP ==> 144'h00_00_00_00_00_00_00_00_00_00_00_00_00_00_00_00_00_03
MIG: 06:44:40 :  Invalid Param: DDR2_ADDR_MAP ==> 192'h000_000_000_010_033_01A_019_032_03A_034_018_036_012_011_017_015
MIG: 06:44:40 :  Invalid Param: DDR2_BANK_MAP ==> 36'h013_016_01B
MIG: 06:44:40 :  Invalid Param: DDR2_CAS_MAP ==> 12'h039
MIG: 06:44:40 :  Invalid Param: DDR2_CKE_ODT_BYTE_MAP ==> 8'h00
MIG: 06:44:40 :  Invalid Param: DDR2_CKE_MAP ==> 96'h000_000_000_000_000_000_000_038
MIG: 06:44:40 :  Invalid Param: DDR2_ODT_MAP ==> 96'h000_000_000_000_000_000_000_035
MIG: 06:44:40 :  Invalid Param: DDR2_CS_MAP ==> 120'h000_000_000_000_000_000_000_000_000_037
MIG: 06:44:40 :  Invalid Param: DDR2_PARITY_MAP ==> 12'h000
MIG: 06:44:40 :  Invalid Param: DDR2_RAS_MAP ==> 12'h014
MIG: 06:44:40 :  Invalid Param: DDR2_WE_MAP ==> 12'h03B
MIG: 06:44:40 :  Invalid Param: DDR2_DQS_BYTE_MAP ==> 144'h00_00_00_00_00_00_00_00_00_00_00_00_00_00_00_00_02_00
MIG: 06:44:40 :  Invalid Param: DDR2_DATA0_MAP ==> 96'h008_004_009_007_005_001_006_003
MIG: 06:44:40 :  Invalid Param: DDR2_DATA1_MAP ==> 96'h022_028_020_024_027_025_026_021
MIG: 06:44:40 :  Invalid Param: DDR2_DATA2_MAP ==> 96'h000_000_000_000_000_000_000_000
MIG: 06:44:40 :  Invalid Param: DDR2_DATA3_MAP ==> 96'h000_000_000_000_000_000_000_000
MIG: 06:44:40 :  Invalid Param: DDR2_DATA4_MAP ==> 96'h000_000_000_000_000_000_000_000
MIG: 06:44:40 :  Invalid Param: DDR2_DATA5_MAP ==> 96'h000_000_000_000_000_000_000_000
MIG: 06:44:40 :  Invalid Param: DDR2_DATA6_MAP ==> 96'h000_000_000_000_000_000_000_000
MIG: 06:44:40 :  Invalid Param: DDR2_DATA7_MAP ==> 96'h000_000_000_000_000_000_000_000
MIG: 06:44:40 :  Invalid Param: DDR2_DATA8_MAP ==> 96'h000_000_000_000_000_000_000_000
MIG: 06:44:40 :  Invalid Param: DDR2_DATA9_MAP ==> 96'h000_000_000_000_000_000_000_000
MIG: 06:44:40 :  Invalid Param: DDR2_DATA10_MAP ==> 96'h000_000_000_000_000_000_000_000
MIG: 06:44:40 :  Invalid Param: DDR2_DATA11_MAP ==> 96'h000_000_000_000_000_000_000_000
MIG: 06:44:40 :  Invalid Param: DDR2_DATA12_MAP ==> 96'h000_000_000_000_000_000_000_000
MIG: 06:44:40 :  Invalid Param: DDR2_DATA13_MAP ==> 96'h000_000_000_000_000_000_000_000
MIG: 06:44:40 :  Invalid Param: DDR2_DATA14_MAP ==> 96'h000_000_000_000_000_000_000_000
MIG: 06:44:40 :  Invalid Param: DDR2_DATA15_MAP ==> 96'h000_000_000_000_000_000_000_000
MIG: 06:44:40 :  Invalid Param: DDR2_DATA16_MAP ==> 96'h000_000_000_000_000_000_000_000
MIG: 06:44:40 :  Invalid Param: DDR2_DATA17_MAP ==> 96'h000_000_000_000_000_000_000_000
MIG: 06:44:40 :  Invalid Param: DDR2_MASK0_MAP ==> 108'h000_000_000_000_000_000_000_029_002
MIG: 06:44:40 :  Invalid Param: DDR2_MASK1_MAP ==> 108'h000_000_000_000_000_000_000_000_000
MIG: 06:44:40 :  Invalid Param: DDR2_SLOT_0_CONFIG ==> 8'b0000_0001
MIG: 06:44:40 :  Invalid Param: DDR2_SLOT_1_CONFIG ==> 8'b0000_0000
MIG: 06:44:40 :  Invalid Param: DDR2_IBUF_LPWR_MODE ==> "OFF"
MIG: 06:44:40 :  Invalid Param: DDR2_DATA_IO_IDLE_PWRDWN ==> "ON"
MIG: 06:44:40 :  Invalid Param: DDR2_BANK_TYPE ==> "HR_IO"
MIG: 06:44:40 :  Invalid Param: DDR2_DATA_IO_PRIM_TYPE ==> "HR_LP"
MIG: 06:44:40 :  Invalid Param: DDR2_CKE_ODT_AUX ==> "FALSE"
MIG: 06:44:40 :  Invalid Param: DDR2_USER_REFRESH ==> "OFF"
MIG: 06:44:40 :  Invalid Param: DDR2_WRLVL ==> "OFF"
MIG: 06:44:40 :  Invalid Param: DDR2_ORDERING ==> "NORM"
MIG: 06:44:40 :  Invalid Param: DDR2_CALIB_ROW_ADD ==> 16'h0000
MIG: 06:44:40 :  Invalid Param: DDR2_CALIB_COL_ADD ==> 12'h000
MIG: 06:44:40 :  Invalid Param: DDR2_CALIB_BA_ADD ==> 3'h0
MIG: 06:44:40 :  Invalid Param: DDR2_TCQ ==> 100
MIG: 06:44:40 :  Invalid Param: DDR2_IODELAY_GRP0 ==> "MICROBLAZE_IMPL_MIG_7SERIES_0_0_IODELAY_MIG0"
MIG: 06:44:40 :  Invalid Param: DDR2_SYSCLK_TYPE ==> "NO_BUFFER"
MIG: 06:44:40 :  Invalid Param: DDR2_REFCLK_TYPE ==> "USE_SYSTEM_CLOCK"
MIG: 06:44:40 :  Invalid Param: DDR2_SYS_RST_PORT ==> "FALSE"
MIG: 06:44:40 :  Invalid Param: DDR2_CMD_PIPE_PLUS1 ==> "ON"
MIG: 06:44:40 :  Invalid Param: DDR2_DRAM_TYPE ==> "DDR2"
MIG: 06:44:40 :  Invalid Param: DDR2_CAL_WIDTH ==> "HALF"
MIG: 06:44:40 :  Invalid Param: DDR2_STARVE_LIMIT ==> 2
MIG: 06:44:40 :  Invalid Param: DDR2_REFCLK_FREQ ==> 200.0
MIG: 06:44:40 :  Invalid Param: DDR2_DIFF_TERM_REFCLK ==> "TRUE"
MIG: 06:44:40 :  Invalid Param: DDR2_tCK ==> 3077
MIG: 06:44:40 : 
MIG: 06:44:40 :  Valid Param: DDR2_nCK_PER_CLK ==> 4
MIG: 06:44:40 :  Invalid Param: DDR2_DIFF_TERM_SYSCLK ==> "TRUE"
MIG: 06:44:40 : 
MIG: 06:44:40 :  Valid Param: UI_EXTRA_CLOCKS ==> TRUE
MIG: 06:44:41 : 
MIG: 06:44:41 :  Valid Param: C_S_AXI_ID_WIDTH ==> 1
MIG: 06:44:41 : 
MIG: 06:44:41 :  Valid Param: C_S_AXI_MEM_SIZE ==> 134217728
MIG: 06:44:41 : 
MIG: 06:44:41 :  Valid Param: C_S_AXI_ADDR_WIDTH ==> 32
MIG: 06:44:41 : 
MIG: 06:44:41 :  Valid Param: C_S_AXI_DATA_WIDTH ==> 64
MIG: 06:44:41 :  Invalid Param: DDR2_C_MC_nCK_PER_CLK ==> 4
MIG: 06:44:41 :  Invalid Param: C_S_AXI_SUPPORTS_NARROW_BURST ==> 0
MIG: 06:44:41 :  Invalid Param: DDR2_C_RD_WR_ARB_ALGORITHM ==> "RD_PRI_REG"
MIG: 06:44:41 :  Invalid Param: C_S_AXI_REG_EN0 ==> 20'h00000
MIG: 06:44:41 :  Invalid Param: C_S_AXI_REG_EN1 ==> 20'h00000
MIG: 06:44:41 : 
MIG: 06:44:41 :  Valid Param: C_S_AXI_CTRL_ADDR_WIDTH ==> 32
MIG: 06:44:41 : 
MIG: 06:44:41 :  Valid Param: C_S_AXI_CTRL_DATA_WIDTH ==> 32
MIG: 06:44:41 :  Invalid Param: C_S_AXI_BASEADDR ==> 32'h0000_0000
MIG: 06:44:41 :  Invalid Param: C_ECC_ONOFF_RESET_VALUE ==> 1
MIG: 06:44:41 :  Invalid Param: C_ECC_CE_COUNTER_WIDTH ==> 8
MIG: 06:44:41 : 
MIG: 06:44:41 :  Valid Param: DDR2_DEBUG_PORT ==> OFF
MIG: 06:44:41 : 
MIG: 06:44:41 :  Invalid Param: DDR2_TEMP_MON_CONTROL ==> "INTERNAL"
MIG: 06:44:41 : 
MIG: 06:44:41 : 
MIG: 06:44:41 : 
MIG: 06:44:41 : Same Interface
MIG: 06:51:58 : Running synthesis.xit
MIG: 06:51:58 : IGN:     <ModuleName>design_1_mig_7series_0_2</ModuleName> <==>     <ModuleName>microblaze_impl_mig_7series_0_0</ModuleName> 
MIG: 06:51:58 : ERR:     <Version>2.2</Version> <==>     <Version>4.0</Version> 
MIG: 06:51:58 : ################# RUNNING MIG BATCH ###################
MIG: 06:51:58 : Writing IN file for 'microblaze_impl_mig_7series_0_0'...compDirPath: c:/Xilinx/Vivado/2017.4/data/ip/xilinx/mig_7series_v4_0... instDirPath: c:/Users/brent/prj_microblaze_nexys4_ddr/prj_microblaze_nexys4_ddr.srcs/sources_1/bd/microblaze_impl/ip/microblaze_impl_mig_7series_0_0
MIG: 06:51:58 : synp_flow:  -- synthesis_mode: Other
MIG: 06:51:58 : outputDirectory: c:/Users/brent/prj_microblaze_nexys4_ddr/prj_microblaze_nexys4_ddr.srcs/sources_1/bd/microblaze_impl/ip/microblaze_impl_mig_7series_0_0/_tmp/
MIG: 06:51:58 : vivado_mode: xpg_bd
MIG: 06:51:58 : isPortInterface: 0
MIG: 06:51:58 : isPortInterface: 0
MIG: 06:51:58 : isPortInterface: 0
MIG: 06:51:58 : isPortInterface: 0
MIG: 06:51:58 : isPortInterface: 0
MIG: 06:51:58 : isPortInterface: 0
MIG: 06:51:58 : isPortInterface: 0
MIG: 06:51:58 : isPortInterface: 0
MIG: 06:51:58 : isPortInterface: 0
MIG: 06:51:58 : isPortInterface: 0
MIG: 06:51:58 : isPortInterface: 0
MIG: 06:51:58 : isPortInterface: 0
MIG: 06:51:58 : isPortInterface: 0
MIG: 06:51:58 : isPortInterface: 0
MIG: 06:51:58 : isPortInterface: 0
MIG: 06:51:58 : isPortInterface: 0
MIG: 06:51:58 : isPortInterface: 0
MIG: 06:51:58 : isPortInterface: 0
MIG: 06:51:58 : isPortInterface: 0
MIG: 06:51:58 : isPortInterface: 0
MIG: 06:51:58 : isPortInterface: 0
MIG: 06:51:58 : isPortInterface: 0
MIG: 06:51:58 : isPortInterface: 0
MIG: 06:51:58 : isPortInterface: 0
MIG: 06:51:58 : isPortInterface: 0
MIG: 06:51:58 : isPortInterface: 0
MIG: 06:51:58 : isPortInterface: 0
MIG: 06:51:58 : isPortInterface: 0
MIG: 06:51:58 : isPortInterface: 0
MIG: 06:51:58 : isPortInterface: 0
MIG: 06:51:58 : isPortInterface: 0
MIG: 06:51:58 : isPortInterface: 0
MIG: 06:51:58 : isPortInterface: 0
MIG: 06:51:58 : isPortInterface: 0
MIG: 06:51:58 : isPortInterface: 0
MIG: 06:51:58 : isPortInterface: 0
MIG: 06:51:58 : isPortInterface: 0
MIG: 06:51:58 : isPortInterface: 0
MIG: 06:51:58 : isPortInterface: 0
MIG: 06:51:58 : isPortInterface: 0
MIG: 06:51:58 : isPortInterface: 0
MIG: 06:51:58 : isPortInterface: 0
MIG: 06:51:58 : isPortInterface: 0
MIG: 06:51:58 : isPortInterface: 0
MIG: 06:51:58 : isPortInterface: 0
MIG: 06:51:58 : isPortInterface: 0
MIG: 06:51:58 : isPortInterface: 0
MIG: 06:51:58 : isPortInterface: 0
MIG: 06:51:58 : isPortInterface: 0
MIG: 06:51:58 : isPortInterface: 0
MIG: 06:51:58 : isPortInterface: 0
MIG: 06:51:58 : isPortInterface: 0
MIG: 06:51:59 : isPortInterface: 0
MIG: 06:51:59 : isPortInterface: 0
MIG: 06:51:59 : isPortInterface: 0
MIG: 06:51:59 : isPortInterface: 0
MIG: 06:51:59 : isPortInterface: 0
MIG: 06:51:59 : isPortInterface: 0
MIG: 06:51:59 : isPortInterface: 0
MIG: 06:51:59 : isPortInterface: 0
MIG: 06:51:59 : isPortInterface: 0
MIG: 06:51:59 : isPortInterface: 0
MIG: 06:51:59 : isPortInterface: 0
MIG: 06:51:59 : isPortInterface: 0
MIG: 06:51:59 : isPortInterface: 0
MIG: 06:51:59 : isPortInterface: 0
MIG: 06:51:59 : isPortInterface: 0
MIG: 06:51:59 : isPortInterface: 0
MIG: 06:51:59 : isPortInterface: 0
MIG: 06:51:59 : isPortInterface: 0
MIG: 06:51:59 : isPortInterface: 0
MIG: 06:51:59 : isPortInterface: 0
MIG: 06:51:59 : isPortInterface: 0
MIG: 06:51:59 : isPortInterface: 0
MIG: 06:51:59 : isPortInterface: 0
MIG: 06:51:59 : isPortInterface: 0
MIG: 06:51:59 : isPortInterface: 0
MIG: 06:51:59 : isPortInterface: 0
MIG: 06:51:59 : isPortInterface: 0
MIG: 06:51:59 : isPortInterface: 0
MIG: 06:51:59 : isPortInterface: 0
MIG: 06:51:59 : isPortInterface: 0
MIG: 06:51:59 : isPortInterface: 0
MIG: 06:51:59 : isPortInterface: 0
MIG: 06:51:59 : isPortInterface: 0
MIG: 06:51:59 : isPortInterface: 0
MIG: 06:51:59 : isPortInterface: 0
MIG: 06:51:59 : isPortInterface: 0
MIG: 06:51:59 : isPortInterface: 0
MIG: 06:51:59 : isPortInterface: 0
MIG: 06:51:59 : isPortInterface: 0
MIG: 06:51:59 : isPortInterface: 0
MIG: 06:51:59 : isPortInterface: 0
MIG: 06:51:59 : isPortInterface: 0
MIG: 06:51:59 : isPortInterface: 0
MIG: 06:51:59 : isPortInterface: 0
MIG: 06:51:59 : isPortInterface: 0
MIG: 06:51:59 : isPortInterface: 0
MIG: 06:51:59 : isPortInterface: 0
MIG: 06:51:59 : isPortInterface: 0
MIG: 06:51:59 : isPortInterface: 0
MIG: 06:51:59 : isPortInterface: 0
MIG: 06:51:59 : isPortInterface: 0
MIG: 06:51:59 : isPortInterface: 0
MIG: 06:51:59 : isPortInterface: 0
MIG: 06:51:59 : isPortInterface: 0
MIG: 06:51:59 : isPortInterface: 0
MIG: 06:51:59 : isPortInterface: 0
MIG: 06:51:59 : isPortInterface: 0
MIG: 06:51:59 : isPortInterface: 0
MIG: 06:51:59 : isPortInterface: 0
MIG: 06:51:59 : isPortInterface: 0
MIG: 06:51:59 : isPortInterface: 0
MIG: 06:51:59 : isPortInterface: 0
MIG: 06:51:59 : isPortInterface: 0
MIG: 06:51:59 : isPortInterface: 0
MIG: 06:51:59 : isPortInterface: 0
MIG: 06:51:59 : isPortInterface: 1
MIG: 06:51:59 : isPortInterface: 0
MIG: 06:51:59 : isPortInterface: 0
MIG: 06:51:59 : isPortInterface: 0
MIG: 06:51:59 : isPortInterface: 0
MIG: 06:51:59 : isPortInterface: 0
MIG: 06:51:59 : isPortInterface: 0
MIG: 06:51:59 : isPortInterface: 0
MIG: 06:51:59 : isPortInterface: 0
MIG: 06:51:59 : isPortInterface: 0
MIG: 06:51:59 : isPortInterface: 0
MIG: 06:51:59 :  locked false  
MIG: 06:51:59 : HDL Language: Verilog
MIG: 06:51:59 : compInfo: false
MIG: 06:51:59 : Vivado Options xc7a100t csg324 -1
MIG: 06:51:59 : 1: xc7a100t 2: csg324 3: -1
MIG: 06:51:59 : relative mig path: coregen/ip/xilinx/other/com/xilinx/ip/mig_7series_v4_0/bin/nt64/mig.exe
MIG: 06:51:59 : xilinx_path: C:/Xilinx/Vivado/2017.4/ids_lite/ISE
MIG: 06:51:59 : I am in catch area
MIG: 06:51:59 : Running C:/Xilinx/Vivado/2017.4/ids_lite/ISE/coregen/ip/xilinx/other/com/xilinx/ip/mig_7series_v4_0/bin/nt64/mig.exe -cg_exc_inp c:/Users/brent/prj_microblaze_nexys4_ddr/prj_microblaze_nexys4_ddr.srcs/sources_1/bd/microblaze_impl/ip/microblaze_impl_mig_7series_0_0/xil_txt.in -cg_exc_out c:/Users/brent/prj_microblaze_nexys4_ddr/prj_microblaze_nexys4_ddr.srcs/sources_1/bd/microblaze_impl/ip/microblaze_impl_mig_7series_0_0/xil_txt.out ... 
MIG: 06:52:13 : XML_INPUT_FILE: c:/Users/brent/prj_microblaze_nexys4_ddr/prj_microblaze_nexys4_ddr.srcs/sources_1/bd/microblaze_impl/ip/microblaze_impl_mig_7series_0_0/board.prj
MIG: 06:52:13 : Component_Name: microblaze_impl_mig_7series_0_0
MIG: 06:52:13 : Moving microblaze_impl_mig_7series_0_0 ...
MIG: 06:52:13 : Moving microblaze_impl_mig_7series_0_0.veo ...
MIG: 06:52:13 : Moving microblaze_impl_mig_7series_0_0_xmdf.tcl ...
MIG: 06:52:14 : Running vlog_synth_rpr.xit
MIG: 06:52:14 : IGN:     <ModuleName>design_1_mig_7series_0_2</ModuleName> <==>     <ModuleName>microblaze_impl_mig_7series_0_0</ModuleName> 
MIG: 06:52:14 : ERR:     <Version>2.2</Version> <==>     <Version>4.0</Version> 
MIG: 06:52:14 : ################# RUNNING MIG BATCH ###################
MIG: 06:52:14 : Writing IN file for 'microblaze_impl_mig_7series_0_0'...compDirPath: c:/Xilinx/Vivado/2017.4/data/ip/xilinx/mig_7series_v4_0... instDirPath: c:/Users/brent/prj_microblaze_nexys4_ddr/prj_microblaze_nexys4_ddr.srcs/sources_1/bd/microblaze_impl/ip/microblaze_impl_mig_7series_0_0
MIG: 06:52:14 : synp_flow:  -- synthesis_mode: Other
MIG: 06:52:14 : outputDirectory: c:/Users/brent/prj_microblaze_nexys4_ddr/prj_microblaze_nexys4_ddr.srcs/sources_1/bd/microblaze_impl/ip/microblaze_impl_mig_7series_0_0/_tmp/
MIG: 06:52:14 : vivado_mode: xpg_bd
MIG: 06:52:14 : isPortInterface: 0
MIG: 06:52:14 : isPortInterface: 0
MIG: 06:52:14 : isPortInterface: 0
MIG: 06:52:14 : isPortInterface: 0
MIG: 06:52:14 : isPortInterface: 0
MIG: 06:52:14 : isPortInterface: 0
MIG: 06:52:14 : isPortInterface: 0
MIG: 06:52:14 : isPortInterface: 0
MIG: 06:52:14 : isPortInterface: 0
MIG: 06:52:14 : isPortInterface: 0
MIG: 06:52:14 : isPortInterface: 0
MIG: 06:52:14 : isPortInterface: 0
MIG: 06:52:14 : isPortInterface: 0
MIG: 06:52:14 : isPortInterface: 0
MIG: 06:52:14 : isPortInterface: 0
MIG: 06:52:14 : isPortInterface: 0
MIG: 06:52:14 : isPortInterface: 0
MIG: 06:52:14 : isPortInterface: 0
MIG: 06:52:14 : isPortInterface: 0
MIG: 06:52:14 : isPortInterface: 0
MIG: 06:52:14 : isPortInterface: 0
MIG: 06:52:14 : isPortInterface: 0
MIG: 06:52:14 : isPortInterface: 0
MIG: 06:52:14 : isPortInterface: 0
MIG: 06:52:14 : isPortInterface: 0
MIG: 06:52:14 : isPortInterface: 0
MIG: 06:52:14 : isPortInterface: 0
MIG: 06:52:14 : isPortInterface: 0
MIG: 06:52:14 : isPortInterface: 0
MIG: 06:52:14 : isPortInterface: 0
MIG: 06:52:14 : isPortInterface: 0
MIG: 06:52:14 : isPortInterface: 0
MIG: 06:52:14 : isPortInterface: 0
MIG: 06:52:14 : isPortInterface: 0
MIG: 06:52:14 : isPortInterface: 0
MIG: 06:52:14 : isPortInterface: 0
MIG: 06:52:14 : isPortInterface: 0
MIG: 06:52:14 : isPortInterface: 0
MIG: 06:52:14 : isPortInterface: 0
MIG: 06:52:14 : isPortInterface: 0
MIG: 06:52:14 : isPortInterface: 0
MIG: 06:52:14 : isPortInterface: 0
MIG: 06:52:14 : isPortInterface: 0
MIG: 06:52:14 : isPortInterface: 0
MIG: 06:52:14 : isPortInterface: 0
MIG: 06:52:14 : isPortInterface: 0
MIG: 06:52:14 : isPortInterface: 0
MIG: 06:52:14 : isPortInterface: 0
MIG: 06:52:14 : isPortInterface: 0
MIG: 06:52:14 : isPortInterface: 0
MIG: 06:52:14 : isPortInterface: 0
MIG: 06:52:14 : isPortInterface: 0
MIG: 06:52:14 : isPortInterface: 0
MIG: 06:52:14 : isPortInterface: 0
MIG: 06:52:14 : isPortInterface: 0
MIG: 06:52:14 : isPortInterface: 0
MIG: 06:52:14 : isPortInterface: 0
MIG: 06:52:14 : isPortInterface: 0
MIG: 06:52:14 : isPortInterface: 0
MIG: 06:52:14 : isPortInterface: 0
MIG: 06:52:14 : isPortInterface: 0
MIG: 06:52:14 : isPortInterface: 0
MIG: 06:52:14 : isPortInterface: 0
MIG: 06:52:14 : isPortInterface: 0
MIG: 06:52:14 : isPortInterface: 0
MIG: 06:52:14 : isPortInterface: 0
MIG: 06:52:14 : isPortInterface: 0
MIG: 06:52:14 : isPortInterface: 0
MIG: 06:52:14 : isPortInterface: 0
MIG: 06:52:14 : isPortInterface: 0
MIG: 06:52:14 : isPortInterface: 0
MIG: 06:52:14 : isPortInterface: 0
MIG: 06:52:14 : isPortInterface: 0
MIG: 06:52:14 : isPortInterface: 0
MIG: 06:52:14 : isPortInterface: 0
MIG: 06:52:14 : isPortInterface: 0
MIG: 06:52:14 : isPortInterface: 0
MIG: 06:52:14 : isPortInterface: 0
MIG: 06:52:14 : isPortInterface: 0
MIG: 06:52:14 : isPortInterface: 0
MIG: 06:52:14 : isPortInterface: 0
MIG: 06:52:14 : isPortInterface: 0
MIG: 06:52:14 : isPortInterface: 0
MIG: 06:52:15 : isPortInterface: 0
MIG: 06:52:15 : isPortInterface: 0
MIG: 06:52:15 : isPortInterface: 0
MIG: 06:52:15 : isPortInterface: 0
MIG: 06:52:15 : isPortInterface: 0
MIG: 06:52:15 : isPortInterface: 0
MIG: 06:52:15 : isPortInterface: 0
MIG: 06:52:15 : isPortInterface: 0
MIG: 06:52:15 : isPortInterface: 0
MIG: 06:52:15 : isPortInterface: 0
MIG: 06:52:15 : isPortInterface: 0
MIG: 06:52:15 : isPortInterface: 0
MIG: 06:52:15 : isPortInterface: 0
MIG: 06:52:15 : isPortInterface: 0
MIG: 06:52:15 : isPortInterface: 0
MIG: 06:52:15 : isPortInterface: 0
MIG: 06:52:15 : isPortInterface: 0
MIG: 06:52:15 : isPortInterface: 0
MIG: 06:52:15 : isPortInterface: 0
MIG: 06:52:15 : isPortInterface: 0
MIG: 06:52:15 : isPortInterface: 0
MIG: 06:52:15 : isPortInterface: 0
MIG: 06:52:15 : isPortInterface: 0
MIG: 06:52:15 : isPortInterface: 0
MIG: 06:52:15 : isPortInterface: 0
MIG: 06:52:15 : isPortInterface: 0
MIG: 06:52:15 : isPortInterface: 0
MIG: 06:52:15 : isPortInterface: 0
MIG: 06:52:15 : isPortInterface: 0
MIG: 06:52:15 : isPortInterface: 0
MIG: 06:52:15 : isPortInterface: 0
MIG: 06:52:15 : isPortInterface: 0
MIG: 06:52:15 : isPortInterface: 0
MIG: 06:52:15 : isPortInterface: 0
MIG: 06:52:15 : isPortInterface: 1
MIG: 06:52:15 : isPortInterface: 0
MIG: 06:52:15 : isPortInterface: 0
MIG: 06:52:15 : isPortInterface: 0
MIG: 06:52:15 : isPortInterface: 0
MIG: 06:52:15 : isPortInterface: 0
MIG: 06:52:15 : isPortInterface: 0
MIG: 06:52:15 : isPortInterface: 0
MIG: 06:52:15 : isPortInterface: 0
MIG: 06:52:15 : isPortInterface: 0
MIG: 06:52:15 : isPortInterface: 0
MIG: 06:52:15 :  locked false  
MIG: 06:52:15 : HDL Language: Verilog
MIG: 06:52:15 : compInfo: false
MIG: 06:52:15 : Vivado Options xc7a100t csg324 -1
MIG: 06:52:15 : 1: xc7a100t 2: csg324 3: -1
MIG: 06:52:15 : relative mig path: coregen/ip/xilinx/other/com/xilinx/ip/mig_7series_v4_0/bin/nt64/mig.exe
MIG: 06:52:15 : xilinx_path: C:/Xilinx/Vivado/2017.4/ids_lite/ISE
MIG: 06:52:15 : I am in catch area
MIG: 06:52:15 : Running C:/Xilinx/Vivado/2017.4/ids_lite/ISE/coregen/ip/xilinx/other/com/xilinx/ip/mig_7series_v4_0/bin/nt64/mig.exe -cg_exc_inp c:/Users/brent/prj_microblaze_nexys4_ddr/prj_microblaze_nexys4_ddr.srcs/sources_1/bd/microblaze_impl/ip/microblaze_impl_mig_7series_0_0/xil_txt.in -cg_exc_out c:/Users/brent/prj_microblaze_nexys4_ddr/prj_microblaze_nexys4_ddr.srcs/sources_1/bd/microblaze_impl/ip/microblaze_impl_mig_7series_0_0/xil_txt.out ... 
MIG: 06:52:29 : XML_INPUT_FILE: c:/Users/brent/prj_microblaze_nexys4_ddr/prj_microblaze_nexys4_ddr.srcs/sources_1/bd/microblaze_impl/ip/microblaze_impl_mig_7series_0_0/board.prj
MIG: 06:52:29 : Component_Name: microblaze_impl_mig_7series_0_0
MIG: 06:52:29 : Moving microblaze_impl_mig_7series_0_0 ...
MIG: 06:52:29 : Moving microblaze_impl_mig_7series_0_0.veo ...
MIG: 06:52:29 : Moving microblaze_impl_mig_7series_0_0_xmdf.tcl ...
MIG: 06:52:30 : Running simulation.xit
MIG: 06:52:30 : IGN:     <ModuleName>design_1_mig_7series_0_2</ModuleName> <==>     <ModuleName>microblaze_impl_mig_7series_0_0</ModuleName> 
MIG: 06:52:30 : ERR:     <Version>2.2</Version> <==>     <Version>4.0</Version> 
MIG: 06:52:30 : ################# RUNNING MIG BATCH ###################
MIG: 06:52:30 : Writing IN file for 'microblaze_impl_mig_7series_0_0'...compDirPath: c:/Xilinx/Vivado/2017.4/data/ip/xilinx/mig_7series_v4_0... instDirPath: c:/Users/brent/prj_microblaze_nexys4_ddr/prj_microblaze_nexys4_ddr.srcs/sources_1/bd/microblaze_impl/ip/microblaze_impl_mig_7series_0_0
MIG: 06:52:30 : synp_flow:  -- synthesis_mode: Other
MIG: 06:52:30 : outputDirectory: c:/Users/brent/prj_microblaze_nexys4_ddr/prj_microblaze_nexys4_ddr.srcs/sources_1/bd/microblaze_impl/ip/microblaze_impl_mig_7series_0_0/_tmp/
MIG: 06:52:30 : vivado_mode: xpg_bd
MIG: 06:52:30 : isPortInterface: 0
MIG: 06:52:30 : isPortInterface: 0
MIG: 06:52:30 : isPortInterface: 0
MIG: 06:52:30 : isPortInterface: 0
MIG: 06:52:30 : isPortInterface: 0
MIG: 06:52:30 : isPortInterface: 0
MIG: 06:52:30 : isPortInterface: 0
MIG: 06:52:30 : isPortInterface: 0
MIG: 06:52:30 : isPortInterface: 0
MIG: 06:52:30 : isPortInterface: 0
MIG: 06:52:30 : isPortInterface: 0
MIG: 06:52:30 : isPortInterface: 0
MIG: 06:52:30 : isPortInterface: 0
MIG: 06:52:30 : isPortInterface: 0
MIG: 06:52:30 : isPortInterface: 0
MIG: 06:52:30 : isPortInterface: 0
MIG: 06:52:30 : isPortInterface: 0
MIG: 06:52:30 : isPortInterface: 0
MIG: 06:52:30 : isPortInterface: 0
MIG: 06:52:30 : isPortInterface: 0
MIG: 06:52:30 : isPortInterface: 0
MIG: 06:52:31 : isPortInterface: 0
MIG: 06:52:31 : isPortInterface: 0
MIG: 06:52:31 : isPortInterface: 0
MIG: 06:52:31 : isPortInterface: 0
MIG: 06:52:31 : isPortInterface: 0
MIG: 06:52:31 : isPortInterface: 0
MIG: 06:52:31 : isPortInterface: 0
MIG: 06:52:31 : isPortInterface: 0
MIG: 06:52:31 : isPortInterface: 0
MIG: 06:52:31 : isPortInterface: 0
MIG: 06:52:31 : isPortInterface: 0
MIG: 06:52:31 : isPortInterface: 0
MIG: 06:52:31 : isPortInterface: 0
MIG: 06:52:31 : isPortInterface: 0
MIG: 06:52:31 : isPortInterface: 0
MIG: 06:52:31 : isPortInterface: 0
MIG: 06:52:31 : isPortInterface: 0
MIG: 06:52:31 : isPortInterface: 0
MIG: 06:52:31 : isPortInterface: 0
MIG: 06:52:31 : isPortInterface: 0
MIG: 06:52:31 : isPortInterface: 0
MIG: 06:52:31 : isPortInterface: 0
MIG: 06:52:31 : isPortInterface: 0
MIG: 06:52:31 : isPortInterface: 0
MIG: 06:52:31 : isPortInterface: 0
MIG: 06:52:31 : isPortInterface: 0
MIG: 06:52:31 : isPortInterface: 0
MIG: 06:52:31 : isPortInterface: 0
MIG: 06:52:31 : isPortInterface: 0
MIG: 06:52:31 : isPortInterface: 0
MIG: 06:52:31 : isPortInterface: 0
MIG: 06:52:31 : isPortInterface: 0
MIG: 06:52:31 : isPortInterface: 0
MIG: 06:52:31 : isPortInterface: 0
MIG: 06:52:31 : isPortInterface: 0
MIG: 06:52:31 : isPortInterface: 0
MIG: 06:52:31 : isPortInterface: 0
MIG: 06:52:31 : isPortInterface: 0
MIG: 06:52:31 : isPortInterface: 0
MIG: 06:52:31 : isPortInterface: 0
MIG: 06:52:31 : isPortInterface: 0
MIG: 06:52:31 : isPortInterface: 0
MIG: 06:52:31 : isPortInterface: 0
MIG: 06:52:31 : isPortInterface: 0
MIG: 06:52:31 : isPortInterface: 0
MIG: 06:52:31 : isPortInterface: 0
MIG: 06:52:31 : isPortInterface: 0
MIG: 06:52:31 : isPortInterface: 0
MIG: 06:52:31 : isPortInterface: 0
MIG: 06:52:31 : isPortInterface: 0
MIG: 06:52:31 : isPortInterface: 0
MIG: 06:52:31 : isPortInterface: 0
MIG: 06:52:31 : isPortInterface: 0
MIG: 06:52:31 : isPortInterface: 0
MIG: 06:52:31 : isPortInterface: 0
MIG: 06:52:31 : isPortInterface: 0
MIG: 06:52:31 : isPortInterface: 0
MIG: 06:52:31 : isPortInterface: 0
MIG: 06:52:31 : isPortInterface: 0
MIG: 06:52:31 : isPortInterface: 0
MIG: 06:52:31 : isPortInterface: 0
MIG: 06:52:31 : isPortInterface: 0
MIG: 06:52:31 : isPortInterface: 0
MIG: 06:52:31 : isPortInterface: 0
MIG: 06:52:31 : isPortInterface: 0
MIG: 06:52:31 : isPortInterface: 0
MIG: 06:52:31 : isPortInterface: 0
MIG: 06:52:31 : isPortInterface: 0
MIG: 06:52:31 : isPortInterface: 0
MIG: 06:52:31 : isPortInterface: 0
MIG: 06:52:31 : isPortInterface: 0
MIG: 06:52:31 : isPortInterface: 0
MIG: 06:52:31 : isPortInterface: 0
MIG: 06:52:31 : isPortInterface: 0
MIG: 06:52:31 : isPortInterface: 0
MIG: 06:52:31 : isPortInterface: 0
MIG: 06:52:31 : isPortInterface: 0
MIG: 06:52:31 : isPortInterface: 0
MIG: 06:52:31 : isPortInterface: 0
MIG: 06:52:31 : isPortInterface: 0
MIG: 06:52:31 : isPortInterface: 0
MIG: 06:52:31 : isPortInterface: 0
MIG: 06:52:31 : isPortInterface: 0
MIG: 06:52:31 : isPortInterface: 0
MIG: 06:52:31 : isPortInterface: 0
MIG: 06:52:31 : isPortInterface: 0
MIG: 06:52:31 : isPortInterface: 0
MIG: 06:52:31 : isPortInterface: 0
MIG: 06:52:31 : isPortInterface: 0
MIG: 06:52:31 : isPortInterface: 0
MIG: 06:52:31 : isPortInterface: 0
MIG: 06:52:31 : isPortInterface: 0
MIG: 06:52:31 : isPortInterface: 0
MIG: 06:52:31 : isPortInterface: 0
MIG: 06:52:31 : isPortInterface: 0
MIG: 06:52:31 : isPortInterface: 0
MIG: 06:52:31 : isPortInterface: 1
MIG: 06:52:31 : isPortInterface: 0
MIG: 06:52:31 : isPortInterface: 0
MIG: 06:52:31 : isPortInterface: 0
MIG: 06:52:31 : isPortInterface: 0
MIG: 06:52:31 : isPortInterface: 0
MIG: 06:52:31 : isPortInterface: 0
MIG: 06:52:31 : isPortInterface: 0
MIG: 06:52:31 : isPortInterface: 0
MIG: 06:52:31 : isPortInterface: 0
MIG: 06:52:31 : isPortInterface: 0
MIG: 06:52:31 :  locked false  
MIG: 06:52:31 : HDL Language: Verilog
MIG: 06:52:31 : compInfo: false
MIG: 06:52:31 : Vivado Options xc7a100t csg324 -1
MIG: 06:52:31 : 1: xc7a100t 2: csg324 3: -1
MIG: 06:52:31 : relative mig path: coregen/ip/xilinx/other/com/xilinx/ip/mig_7series_v4_0/bin/nt64/mig.exe
MIG: 06:52:31 : xilinx_path: C:/Xilinx/Vivado/2017.4/ids_lite/ISE
MIG: 06:52:31 : I am in catch area
MIG: 06:52:31 : Running C:/Xilinx/Vivado/2017.4/ids_lite/ISE/coregen/ip/xilinx/other/com/xilinx/ip/mig_7series_v4_0/bin/nt64/mig.exe -cg_exc_inp c:/Users/brent/prj_microblaze_nexys4_ddr/prj_microblaze_nexys4_ddr.srcs/sources_1/bd/microblaze_impl/ip/microblaze_impl_mig_7series_0_0/xil_txt.in -cg_exc_out c:/Users/brent/prj_microblaze_nexys4_ddr/prj_microblaze_nexys4_ddr.srcs/sources_1/bd/microblaze_impl/ip/microblaze_impl_mig_7series_0_0/xil_txt.out ... 
MIG: 06:52:44 : XML_INPUT_FILE: c:/Users/brent/prj_microblaze_nexys4_ddr/prj_microblaze_nexys4_ddr.srcs/sources_1/bd/microblaze_impl/ip/microblaze_impl_mig_7series_0_0/board.prj
MIG: 06:52:44 : Component_Name: microblaze_impl_mig_7series_0_0
MIG: 06:52:44 : Moving microblaze_impl_mig_7series_0_0 ...
MIG: 06:52:45 : Moving microblaze_impl_mig_7series_0_0.veo ...
MIG: 06:52:45 : Moving microblaze_impl_mig_7series_0_0_xmdf.tcl ...
MIG: 06:52:45 : Running vlog_sim_rpr.xit .. PRASAD DBG1
MIG: 06:52:45 : IGN:     <ModuleName>design_1_mig_7series_0_2</ModuleName> <==>     <ModuleName>microblaze_impl_mig_7series_0_0</ModuleName> 
MIG: 06:52:45 : ERR:     <Version>2.2</Version> <==>     <Version>4.0</Version> 
MIG: 06:52:45 : ################# RUNNING MIG BATCH ###################
MIG: 06:52:45 : Writing IN file for 'microblaze_impl_mig_7series_0_0'...compDirPath: c:/Xilinx/Vivado/2017.4/data/ip/xilinx/mig_7series_v4_0... instDirPath: c:/Users/brent/prj_microblaze_nexys4_ddr/prj_microblaze_nexys4_ddr.srcs/sources_1/bd/microblaze_impl/ip/microblaze_impl_mig_7series_0_0
MIG: 06:52:45 : synp_flow:  -- synthesis_mode: Other
MIG: 06:52:45 : outputDirectory: c:/Users/brent/prj_microblaze_nexys4_ddr/prj_microblaze_nexys4_ddr.srcs/sources_1/bd/microblaze_impl/ip/microblaze_impl_mig_7series_0_0/_tmp/
MIG: 06:52:45 : vivado_mode: xpg_bd
MIG: 06:52:45 : isPortInterface: 0
MIG: 06:52:45 : isPortInterface: 0
MIG: 06:52:45 : isPortInterface: 0
MIG: 06:52:45 : isPortInterface: 0
MIG: 06:52:45 : isPortInterface: 0
MIG: 06:52:45 : isPortInterface: 0
MIG: 06:52:45 : isPortInterface: 0
MIG: 06:52:45 : isPortInterface: 0
MIG: 06:52:45 : isPortInterface: 0
MIG: 06:52:45 : isPortInterface: 0
MIG: 06:52:45 : isPortInterface: 0
MIG: 06:52:45 : isPortInterface: 0
MIG: 06:52:45 : isPortInterface: 0
MIG: 06:52:45 : isPortInterface: 0
MIG: 06:52:45 : isPortInterface: 0
MIG: 06:52:45 : isPortInterface: 0
MIG: 06:52:45 : isPortInterface: 0
MIG: 06:52:45 : isPortInterface: 0
MIG: 06:52:45 : isPortInterface: 0
MIG: 06:52:45 : isPortInterface: 0
MIG: 06:52:45 : isPortInterface: 0
MIG: 06:52:45 : isPortInterface: 0
MIG: 06:52:45 : isPortInterface: 0
MIG: 06:52:45 : isPortInterface: 0
MIG: 06:52:45 : isPortInterface: 0
MIG: 06:52:45 : isPortInterface: 0
MIG: 06:52:45 : isPortInterface: 0
MIG: 06:52:45 : isPortInterface: 0
MIG: 06:52:45 : isPortInterface: 0
MIG: 06:52:45 : isPortInterface: 0
MIG: 06:52:45 : isPortInterface: 0
MIG: 06:52:45 : isPortInterface: 0
MIG: 06:52:45 : isPortInterface: 0
MIG: 06:52:45 : isPortInterface: 0
MIG: 06:52:45 : isPortInterface: 0
MIG: 06:52:45 : isPortInterface: 0
MIG: 06:52:45 : isPortInterface: 0
MIG: 06:52:45 : isPortInterface: 0
MIG: 06:52:45 : isPortInterface: 0
MIG: 06:52:45 : isPortInterface: 0
MIG: 06:52:45 : isPortInterface: 0
MIG: 06:52:45 : isPortInterface: 0
MIG: 06:52:45 : isPortInterface: 0
MIG: 06:52:45 : isPortInterface: 0
MIG: 06:52:45 : isPortInterface: 0
MIG: 06:52:46 : isPortInterface: 0
MIG: 06:52:46 : isPortInterface: 0
MIG: 06:52:46 : isPortInterface: 0
MIG: 06:52:46 : isPortInterface: 0
MIG: 06:52:46 : isPortInterface: 0
MIG: 06:52:46 : isPortInterface: 0
MIG: 06:52:46 : isPortInterface: 0
MIG: 06:52:46 : isPortInterface: 0
MIG: 06:52:46 : isPortInterface: 0
MIG: 06:52:46 : isPortInterface: 0
MIG: 06:52:46 : isPortInterface: 0
MIG: 06:52:46 : isPortInterface: 0
MIG: 06:52:46 : isPortInterface: 0
MIG: 06:52:46 : isPortInterface: 0
MIG: 06:52:46 : isPortInterface: 0
MIG: 06:52:46 : isPortInterface: 0
MIG: 06:52:46 : isPortInterface: 0
MIG: 06:52:46 : isPortInterface: 0
MIG: 06:52:46 : isPortInterface: 0
MIG: 06:52:46 : isPortInterface: 0
MIG: 06:52:46 : isPortInterface: 0
MIG: 06:52:46 : isPortInterface: 0
MIG: 06:52:46 : isPortInterface: 0
MIG: 06:52:46 : isPortInterface: 0
MIG: 06:52:46 : isPortInterface: 0
MIG: 06:52:46 : isPortInterface: 0
MIG: 06:52:46 : isPortInterface: 0
MIG: 06:52:46 : isPortInterface: 0
MIG: 06:52:46 : isPortInterface: 0
MIG: 06:52:46 : isPortInterface: 0
MIG: 06:52:46 : isPortInterface: 0
MIG: 06:52:46 : isPortInterface: 0
MIG: 06:52:46 : isPortInterface: 0
MIG: 06:52:46 : isPortInterface: 0
MIG: 06:52:46 : isPortInterface: 0
MIG: 06:52:46 : isPortInterface: 0
MIG: 06:52:46 : isPortInterface: 0
MIG: 06:52:46 : isPortInterface: 0
MIG: 06:52:46 : isPortInterface: 0
MIG: 06:52:46 : isPortInterface: 0
MIG: 06:52:46 : isPortInterface: 0
MIG: 06:52:46 : isPortInterface: 0
MIG: 06:52:46 : isPortInterface: 0
MIG: 06:52:46 : isPortInterface: 0
MIG: 06:52:46 : isPortInterface: 0
MIG: 06:52:46 : isPortInterface: 0
MIG: 06:52:46 : isPortInterface: 0
MIG: 06:52:46 : isPortInterface: 0
MIG: 06:52:46 : isPortInterface: 0
MIG: 06:52:46 : isPortInterface: 0
MIG: 06:52:46 : isPortInterface: 0
MIG: 06:52:46 : isPortInterface: 0
MIG: 06:52:46 : isPortInterface: 0
MIG: 06:52:46 : isPortInterface: 0
MIG: 06:52:46 : isPortInterface: 0
MIG: 06:52:46 : isPortInterface: 0
MIG: 06:52:46 : isPortInterface: 0
MIG: 06:52:46 : isPortInterface: 0
MIG: 06:52:46 : isPortInterface: 0
MIG: 06:52:46 : isPortInterface: 0
MIG: 06:52:46 : isPortInterface: 0
MIG: 06:52:46 : isPortInterface: 0
MIG: 06:52:46 : isPortInterface: 0
MIG: 06:52:46 : isPortInterface: 0
MIG: 06:52:46 : isPortInterface: 0
MIG: 06:52:46 : isPortInterface: 0
MIG: 06:52:46 : isPortInterface: 0
MIG: 06:52:46 : isPortInterface: 0
MIG: 06:52:46 : isPortInterface: 0
MIG: 06:52:46 : isPortInterface: 0
MIG: 06:52:46 : isPortInterface: 0
MIG: 06:52:46 : isPortInterface: 0
MIG: 06:52:46 : isPortInterface: 1
MIG: 06:52:46 : isPortInterface: 0
MIG: 06:52:46 : isPortInterface: 0
MIG: 06:52:46 : isPortInterface: 0
MIG: 06:52:46 : isPortInterface: 0
MIG: 06:52:46 : isPortInterface: 0
MIG: 06:52:46 : isPortInterface: 0
MIG: 06:52:46 : isPortInterface: 0
MIG: 06:52:46 : isPortInterface: 0
MIG: 06:52:46 : isPortInterface: 0
MIG: 06:52:46 : isPortInterface: 0
MIG: 06:52:46 :  locked false  
MIG: 06:52:46 : HDL Language: Verilog
MIG: 06:52:46 : compInfo: false
MIG: 06:52:46 : Vivado Options xc7a100t csg324 -1
MIG: 06:52:46 : 1: xc7a100t 2: csg324 3: -1
MIG: 06:52:46 : relative mig path: coregen/ip/xilinx/other/com/xilinx/ip/mig_7series_v4_0/bin/nt64/mig.exe
MIG: 06:52:46 : xilinx_path: C:/Xilinx/Vivado/2017.4/ids_lite/ISE
MIG: 06:52:46 : I am in catch area
MIG: 06:52:46 : Running C:/Xilinx/Vivado/2017.4/ids_lite/ISE/coregen/ip/xilinx/other/com/xilinx/ip/mig_7series_v4_0/bin/nt64/mig.exe -cg_exc_inp c:/Users/brent/prj_microblaze_nexys4_ddr/prj_microblaze_nexys4_ddr.srcs/sources_1/bd/microblaze_impl/ip/microblaze_impl_mig_7series_0_0/xil_txt.in -cg_exc_out c:/Users/brent/prj_microblaze_nexys4_ddr/prj_microblaze_nexys4_ddr.srcs/sources_1/bd/microblaze_impl/ip/microblaze_impl_mig_7series_0_0/xil_txt.out ... 
MIG: 06:52:58 : XML_INPUT_FILE: c:/Users/brent/prj_microblaze_nexys4_ddr/prj_microblaze_nexys4_ddr.srcs/sources_1/bd/microblaze_impl/ip/microblaze_impl_mig_7series_0_0/board.prj
MIG: 06:52:58 : Component_Name: microblaze_impl_mig_7series_0_0
MIG: 06:52:58 : Moving microblaze_impl_mig_7series_0_0 ...
MIG: 06:52:58 : Moving microblaze_impl_mig_7series_0_0.veo ...
MIG: 06:52:58 : Moving microblaze_impl_mig_7series_0_0_xmdf.tcl ...
MIG: 06:52:59 : Running implementation.xit
MIG: 06:52:59 : IGN:     <ModuleName>design_1_mig_7series_0_2</ModuleName> <==>     <ModuleName>microblaze_impl_mig_7series_0_0</ModuleName> 
MIG: 06:52:59 : ERR:     <Version>2.2</Version> <==>     <Version>4.0</Version> 
MIG: 06:52:59 : ################# RUNNING MIG BATCH ###################
MIG: 06:52:59 : Writing IN file for 'microblaze_impl_mig_7series_0_0'...compDirPath: c:/Xilinx/Vivado/2017.4/data/ip/xilinx/mig_7series_v4_0... instDirPath: c:/Users/brent/prj_microblaze_nexys4_ddr/prj_microblaze_nexys4_ddr.srcs/sources_1/bd/microblaze_impl/ip/microblaze_impl_mig_7series_0_0
MIG: 06:52:59 : synp_flow:  -- synthesis_mode: Other
MIG: 06:52:59 : outputDirectory: c:/Users/brent/prj_microblaze_nexys4_ddr/prj_microblaze_nexys4_ddr.srcs/sources_1/bd/microblaze_impl/ip/microblaze_impl_mig_7series_0_0/_tmp/
MIG: 06:52:59 : vivado_mode: xpg_bd
MIG: 06:52:59 : isPortInterface: 0
MIG: 06:52:59 : isPortInterface: 0
MIG: 06:52:59 : isPortInterface: 0
MIG: 06:52:59 : isPortInterface: 0
MIG: 06:52:59 : isPortInterface: 0
MIG: 06:52:59 : isPortInterface: 0
MIG: 06:52:59 : isPortInterface: 0
MIG: 06:52:59 : isPortInterface: 0
MIG: 06:52:59 : isPortInterface: 0
MIG: 06:52:59 : isPortInterface: 0
MIG: 06:52:59 : isPortInterface: 0
MIG: 06:52:59 : isPortInterface: 0
MIG: 06:52:59 : isPortInterface: 0
MIG: 06:52:59 : isPortInterface: 0
MIG: 06:52:59 : isPortInterface: 0
MIG: 06:52:59 : isPortInterface: 0
MIG: 06:52:59 : isPortInterface: 0
MIG: 06:52:59 : isPortInterface: 0
MIG: 06:52:59 : isPortInterface: 0
MIG: 06:52:59 : isPortInterface: 0
MIG: 06:52:59 : isPortInterface: 0
MIG: 06:52:59 : isPortInterface: 0
MIG: 06:52:59 : isPortInterface: 0
MIG: 06:52:59 : isPortInterface: 0
MIG: 06:52:59 : isPortInterface: 0
MIG: 06:52:59 : isPortInterface: 0
MIG: 06:52:59 : isPortInterface: 0
MIG: 06:52:59 : isPortInterface: 0
MIG: 06:52:59 : isPortInterface: 0
MIG: 06:52:59 : isPortInterface: 0
MIG: 06:52:59 : isPortInterface: 0
MIG: 06:52:59 : isPortInterface: 0
MIG: 06:52:59 : isPortInterface: 0
MIG: 06:52:59 : isPortInterface: 0
MIG: 06:52:59 : isPortInterface: 0
MIG: 06:52:59 : isPortInterface: 0
MIG: 06:52:59 : isPortInterface: 0
MIG: 06:52:59 : isPortInterface: 0
MIG: 06:52:59 : isPortInterface: 0
MIG: 06:52:59 : isPortInterface: 0
MIG: 06:52:59 : isPortInterface: 0
MIG: 06:52:59 : isPortInterface: 0
MIG: 06:52:59 : isPortInterface: 0
MIG: 06:52:59 : isPortInterface: 0
MIG: 06:52:59 : isPortInterface: 0
MIG: 06:52:59 : isPortInterface: 0
MIG: 06:52:59 : isPortInterface: 0
MIG: 06:52:59 : isPortInterface: 0
MIG: 06:52:59 : isPortInterface: 0
MIG: 06:52:59 : isPortInterface: 0
MIG: 06:52:59 : isPortInterface: 0
MIG: 06:52:59 : isPortInterface: 0
MIG: 06:52:59 : isPortInterface: 0
MIG: 06:52:59 : isPortInterface: 0
MIG: 06:52:59 : isPortInterface: 0
MIG: 06:52:59 : isPortInterface: 0
MIG: 06:52:59 : isPortInterface: 0
MIG: 06:52:59 : isPortInterface: 0
MIG: 06:52:59 : isPortInterface: 0
MIG: 06:52:59 : isPortInterface: 0
MIG: 06:52:59 : isPortInterface: 0
MIG: 06:52:59 : isPortInterface: 0
MIG: 06:52:59 : isPortInterface: 0
MIG: 06:52:59 : isPortInterface: 0
MIG: 06:52:59 : isPortInterface: 0
MIG: 06:52:59 : isPortInterface: 0
MIG: 06:52:59 : isPortInterface: 0
MIG: 06:52:59 : isPortInterface: 0
MIG: 06:52:59 : isPortInterface: 0
MIG: 06:52:59 : isPortInterface: 0
MIG: 06:52:59 : isPortInterface: 0
MIG: 06:52:59 : isPortInterface: 0
MIG: 06:52:59 : isPortInterface: 0
MIG: 06:52:59 : isPortInterface: 0
MIG: 06:52:59 : isPortInterface: 0
MIG: 06:52:59 : isPortInterface: 0
MIG: 06:52:59 : isPortInterface: 0
MIG: 06:52:59 : isPortInterface: 0
MIG: 06:52:59 : isPortInterface: 0
MIG: 06:52:59 : isPortInterface: 0
MIG: 06:52:59 : isPortInterface: 0
MIG: 06:52:59 : isPortInterface: 0
MIG: 06:52:59 : isPortInterface: 0
MIG: 06:52:59 : isPortInterface: 0
MIG: 06:52:59 : isPortInterface: 0
MIG: 06:52:59 : isPortInterface: 0
MIG: 06:52:59 : isPortInterface: 0
MIG: 06:52:59 : isPortInterface: 0
MIG: 06:52:59 : isPortInterface: 0
MIG: 06:52:59 : isPortInterface: 0
MIG: 06:52:59 : isPortInterface: 0
MIG: 06:52:59 : isPortInterface: 0
MIG: 06:52:59 : isPortInterface: 0
MIG: 06:52:59 : isPortInterface: 0
MIG: 06:52:59 : isPortInterface: 0
MIG: 06:52:59 : isPortInterface: 0
MIG: 06:52:59 : isPortInterface: 0
MIG: 06:52:59 : isPortInterface: 0
MIG: 06:52:59 : isPortInterface: 0
MIG: 06:52:59 : isPortInterface: 0
MIG: 06:52:59 : isPortInterface: 0
MIG: 06:52:59 : isPortInterface: 0
MIG: 06:52:59 : isPortInterface: 0
MIG: 06:52:59 : isPortInterface: 0
MIG: 06:52:59 : isPortInterface: 0
MIG: 06:52:59 : isPortInterface: 0
MIG: 06:52:59 : isPortInterface: 0
MIG: 06:52:59 : isPortInterface: 0
MIG: 06:52:59 : isPortInterface: 0
MIG: 06:52:59 : isPortInterface: 0
MIG: 06:52:59 : isPortInterface: 0
MIG: 06:52:59 : isPortInterface: 0
MIG: 06:52:59 : isPortInterface: 0
MIG: 06:52:59 : isPortInterface: 0
MIG: 06:52:59 : isPortInterface: 0
MIG: 06:52:59 : isPortInterface: 0
MIG: 06:53:00 : isPortInterface: 0
MIG: 06:53:00 : isPortInterface: 1
MIG: 06:53:00 : isPortInterface: 0
MIG: 06:53:00 : isPortInterface: 0
MIG: 06:53:00 : isPortInterface: 0
MIG: 06:53:00 : isPortInterface: 0
MIG: 06:53:00 : isPortInterface: 0
MIG: 06:53:00 : isPortInterface: 0
MIG: 06:53:00 : isPortInterface: 0
MIG: 06:53:00 : isPortInterface: 0
MIG: 06:53:00 : isPortInterface: 0
MIG: 06:53:00 : isPortInterface: 0
MIG: 06:53:00 :  locked false  
MIG: 06:53:00 : HDL Language: Verilog
MIG: 06:53:00 : compInfo: false
MIG: 06:53:00 : Vivado Options xc7a100t csg324 -1
MIG: 06:53:00 : 1: xc7a100t 2: csg324 3: -1
MIG: 06:53:00 : relative mig path: coregen/ip/xilinx/other/com/xilinx/ip/mig_7series_v4_0/bin/nt64/mig.exe
MIG: 06:53:00 : xilinx_path: C:/Xilinx/Vivado/2017.4/ids_lite/ISE
MIG: 06:53:00 : I am in catch area
MIG: 06:53:00 : Running C:/Xilinx/Vivado/2017.4/ids_lite/ISE/coregen/ip/xilinx/other/com/xilinx/ip/mig_7series_v4_0/bin/nt64/mig.exe -cg_exc_inp c:/Users/brent/prj_microblaze_nexys4_ddr/prj_microblaze_nexys4_ddr.srcs/sources_1/bd/microblaze_impl/ip/microblaze_impl_mig_7series_0_0/xil_txt.in -cg_exc_out c:/Users/brent/prj_microblaze_nexys4_ddr/prj_microblaze_nexys4_ddr.srcs/sources_1/bd/microblaze_impl/ip/microblaze_impl_mig_7series_0_0/xil_txt.out ... 
MIG: 06:53:11 : XML_INPUT_FILE: c:/Users/brent/prj_microblaze_nexys4_ddr/prj_microblaze_nexys4_ddr.srcs/sources_1/bd/microblaze_impl/ip/microblaze_impl_mig_7series_0_0/board.prj
MIG: 06:53:11 : Component_Name: microblaze_impl_mig_7series_0_0
MIG: 06:53:11 : Moving microblaze_impl_mig_7series_0_0 ...
MIG: 06:53:11 : Moving microblaze_impl_mig_7series_0_0.veo ...
MIG: 06:53:11 : Moving microblaze_impl_mig_7series_0_0_xmdf.tcl ...
